Traceback (most recent call last):
  File "/opt/anaconda3/lib/python3.13/site-packages/jupyter_core/utils/__init__.py", line 154, in wrapped
    asyncio.get_running_loop()
    ~~~~~~~~~~~~~~~~~~~~~~~~^^
RuntimeError: no running event loop

During handling of the above exception, another exception occurred:

Traceback (most recent call last):
  File "/opt/anaconda3/lib/python3.13/site-packages/jupyter_cache/executors/utils.py", line 58, in single_nb_execution
    executenb(
    ~~~~~~~~~^
        nb,
        ^^^
    ...<4 lines>...
        **kwargs,
        ^^^^^^^^^
    )
    ^
  File "/opt/anaconda3/lib/python3.13/site-packages/nbclient/client.py", line 1305, in execute
    return NotebookClient(nb=nb, resources=resources, km=km, **kwargs).execute()
           ~~~~~~~~~~~~~~~~~~~~~~~~~~~~~~~~~~~~~~~~~~~~~~~~~~~~~~~~~~~~~~~~~~~^^
  File "/opt/anaconda3/lib/python3.13/site-packages/jupyter_core/utils/__init__.py", line 158, in wrapped
    return loop.run_until_complete(inner)
           ~~~~~~~~~~~~~~~~~~~~~~~^^^^^^^
  File "/opt/anaconda3/lib/python3.13/asyncio/base_events.py", line 725, in run_until_complete
    return future.result()
           ~~~~~~~~~~~~~^^
  File "/opt/anaconda3/lib/python3.13/site-packages/nbclient/client.py", line 705, in async_execute
    await self.async_execute_cell(
        cell, index, execution_count=self.code_cells_executed + 1
    )
  File "/opt/anaconda3/lib/python3.13/site-packages/nbclient/client.py", line 1058, in async_execute_cell
    await self._check_raise_for_error(cell, cell_index, exec_reply)
  File "/opt/anaconda3/lib/python3.13/site-packages/nbclient/client.py", line 914, in _check_raise_for_error
    raise CellExecutionError.from_cell_and_msg(cell, exec_reply_content)
nbclient.exceptions.CellExecutionError: An error occurred while executing the following cell:
------------------
# inverse
np.linalg.inv(a)
------------------


[31m---------------------------------------------------------------------------[39m
[31mLinAlgError[39m                               Traceback (most recent call last)
[36mCell[39m[36m [39m[32mIn[14][39m[32m, line 2[39m
[32m      1[39m [38;5;66;03m# inverse[39;00m
[32m----> [39m[32m2[39m [43mnp[49m[43m.[49m[43mlinalg[49m[43m.[49m[43minv[49m[43m([49m[43ma[49m[43m)[49m

[36mFile [39m[32m/opt/anaconda3/lib/python3.13/site-packages/numpy/linalg/_linalg.py:669[39m, in [36minv[39m[34m(a)[39m
[32m    666[39m signature = [33m'[39m[33mD->D[39m[33m'[39m [38;5;28;01mif[39;00m isComplexType(t) [38;5;28;01melse[39;00m [33m'[39m[33md->d[39m[33m'[39m
[32m    667[39m [38;5;28;01mwith[39;00m errstate(call=_raise_linalgerror_singular, invalid=[33m'[39m[33mcall[39m[33m'[39m,
[32m    668[39m               over=[33m'[39m[33mignore[39m[33m'[39m, divide=[33m'[39m[33mignore[39m[33m'[39m, under=[33m'[39m[33mignore[39m[33m'[39m):
[32m--> [39m[32m669[39m     ainv = [43m_umath_linalg[49m[43m.[49m[43minv[49m[43m([49m[43ma[49m[43m,[49m[43m [49m[43msignature[49m[43m=[49m[43msignature[49m[43m)[49m
[32m    670[39m [38;5;28;01mreturn[39;00m wrap(ainv.astype(result_t, copy=[38;5;28;01mFalse[39;00m))

[36mFile [39m[32m/opt/anaconda3/lib/python3.13/site-packages/numpy/linalg/_linalg.py:163[39m, in [36m_raise_linalgerror_singular[39m[34m(err, flag)[39m
[32m    162[39m [38;5;28;01mdef[39;00m[38;5;250m [39m[34m_raise_linalgerror_singular[39m(err, flag):
[32m--> [39m[32m163[39m     [38;5;28;01mraise[39;00m LinAlgError([33m"[39m[33mSingular matrix[39m[33m"[39m)

[31mLinAlgError[39m: Singular matrix

