Traceback (most recent call last):
  File "/opt/anaconda3/envs/jbook015/lib/python3.10/site-packages/jupyter_cache/executors/utils.py", line 58, in single_nb_execution
    executenb(
  File "/opt/anaconda3/envs/jbook015/lib/python3.10/site-packages/nbclient/client.py", line 1305, in execute
    return NotebookClient(nb=nb, resources=resources, km=km, **kwargs).execute()
  File "/opt/anaconda3/envs/jbook015/lib/python3.10/site-packages/jupyter_core/utils/__init__.py", line 165, in wrapped
    return loop.run_until_complete(inner)
  File "/opt/anaconda3/envs/jbook015/lib/python3.10/asyncio/base_events.py", line 649, in run_until_complete
    return future.result()
  File "/opt/anaconda3/envs/jbook015/lib/python3.10/site-packages/nbclient/client.py", line 705, in async_execute
    await self.async_execute_cell(
  File "/opt/anaconda3/envs/jbook015/lib/python3.10/site-packages/nbclient/client.py", line 1058, in async_execute_cell
    await self._check_raise_for_error(cell, cell_index, exec_reply)
  File "/opt/anaconda3/envs/jbook015/lib/python3.10/site-packages/nbclient/client.py", line 914, in _check_raise_for_error
    raise CellExecutionError.from_cell_and_msg(cell, exec_reply_content)
nbclient.exceptions.CellExecutionError: An error occurred while executing the following cell:
------------------
# configuration interaction for H2 in minimal basis
# H2 MO Minimal Basis
from scipy.optimize import minimize
from scipy import integrate
import matplotlib.pyplot as plt
%matplotlib inline
import numpy as np

gamma = 0.57721

def J(R):
    return np.exp(-2*R)*(1+1/R) - 1/R
def K(R):
    return -np.exp(-R)*(1+R)
def S(R):
    return np.exp(-R)*(1 + R + R*R/3)
def S2(R):
    return np.exp(R)*(1 - R + R*R/3)
def E1_integrand(t):
    return np.exp(-t)/t
def E1(x):
    return integrate.quad(E1_integrand,x,np.infty)[0]
def J2(R):
    return 1/R - np.exp(-2*R) * (1/R + 11/8 + 0.75*R + R*R/6)
def L(R):
    return np.exp(-R) * (R + 1/8 + 5/(16*R)) + np.exp(-3*R)*(-1/8 - 5/(16*R))
def K2(R):
    term_1 = -0.2 * np.exp(-2*R) * (-25/8 + 23*R/4 + 3*R*R + R**3/3)
    term_2 = 1.2/R * (S(R)**2 * (gamma + np.log(R)) - S2(R)**2 * E1(4*R) + 2*S(R) * S2(R) * E1(2*R))
    return term_1+term_2

def H11(Z,R):
    w = Z*R
    denom = 1+S(w)
    prefactor = Z/denom
    term1 = Z*(1 - S(w) - 2*K(w))
    term2 = -2 + 2*J(w) + 4*K(w)
    term3 = (5/16 + 0.5*J2(w) + K2(w) + 2*L(w))/denom
    return prefactor*(term1 + term2 + term3) + 1/R

def H22(Z,R):
    w = Z*R
    denom = 1-S(w)
    prefactor = Z/denom
    term1 = Z*(1 + S(w) + 2*K(w))
    term2 = -2 + 2*J(w) - 4*K(w)
    term3 = (5/16 + 0.5*J2(w) + K2(w) - 2*L(w))/denom
    return prefactor*(term1 + term2 + term3) + 1/R

def H12(Z,R):
    w = Z*R
    return Z*(5/16-0.5*J2(w))/(1-(S(w)**2))

def E_CI(Z,R):
    w = Z*R
    term1 = H11(Z,R) + H22(Z,R)
    term2 = np.sqrt((H11(Z,R) - H22(Z,R))**2 + 4*H12(Z,R)**2)
    return 0.5*(term1 - term2)

def E(Z,R):
    w = Z*R
    denom = 1+S(w)
    prefactor = Z/denom
    t1 = Z*(1-S(w)-2*K(w))
    t2 = -2 + 2*J(w) + 4*K(w)
    t3 = (5/16 + 0.5*J2(w) + K2(w) + 2*L(w))/denom
    return prefactor*(t1+t2+t3) + 1/R

# compute energy as function of R
R = np.arange(0.5,8,0.01)
E_1s_basis = np.empty(R.size)
E_1s_opt = np.empty(R.size)
E_CI_Z_1 = np.empty(R.size)
E_CI_Z_opt = np.empty(R.size)
Z_min_CI = np.empty(R.size)
Z_min_MO = np.empty(R.size)
for i, r in enumerate(R):
    E_1s_basis[i] = E(1,r)
    Z_min_MO[i] = minimize(E,1.0,args=(r)).x[0]
    E_1s_opt[i] = E(Z_min_MO[i],r)
    E_CI_Z_1[i] = E_CI(1,r)
    Z_min_CI[i] = minimize(E_CI,1.0,args=(r)).x[0]
    E_CI_Z_opt[i] = E_CI(Z_min_CI[i],r)
------------------


[0;31m---------------------------------------------------------------------------[0m
[0;31mModuleNotFoundError[0m                       Traceback (most recent call last)
Cell [0;32mIn[1], line 3[0m
[1;32m      1[0m [38;5;66;03m# configuration interaction for H2 in minimal basis[39;00m
[1;32m      2[0m [38;5;66;03m# H2 MO Minimal Basis[39;00m
[0;32m----> 3[0m [38;5;28;01mfrom[39;00m[38;5;250m [39m[38;5;21;01mscipy[39;00m[38;5;21;01m.[39;00m[38;5;21;01moptimize[39;00m[38;5;250m [39m[38;5;28;01mimport[39;00m minimize
[1;32m      4[0m [38;5;28;01mfrom[39;00m[38;5;250m [39m[38;5;21;01mscipy[39;00m[38;5;250m [39m[38;5;28;01mimport[39;00m integrate
[1;32m      5[0m [38;5;28;01mimport[39;00m[38;5;250m [39m[38;5;21;01mmatplotlib[39;00m[38;5;21;01m.[39;00m[38;5;21;01mpyplot[39;00m[38;5;250m [39m[38;5;28;01mas[39;00m[38;5;250m [39m[38;5;21;01mplt[39;00m

[0;31mModuleNotFoundError[0m: No module named 'scipy'

