Traceback (most recent call last):
  File "/opt/anaconda3/lib/python3.13/site-packages/jupyter_core/utils/__init__.py", line 154, in wrapped
    asyncio.get_running_loop()
    ~~~~~~~~~~~~~~~~~~~~~~~~^^
RuntimeError: no running event loop

During handling of the above exception, another exception occurred:

Traceback (most recent call last):
  File "/opt/anaconda3/lib/python3.13/site-packages/jupyter_cache/executors/utils.py", line 58, in single_nb_execution
    executenb(
    ~~~~~~~~~^
        nb,
        ^^^
    ...<4 lines>...
        **kwargs,
        ^^^^^^^^^
    )
    ^
  File "/opt/anaconda3/lib/python3.13/site-packages/nbclient/client.py", line 1305, in execute
    return NotebookClient(nb=nb, resources=resources, km=km, **kwargs).execute()
           ~~~~~~~~~~~~~~~~~~~~~~~~~~~~~~~~~~~~~~~~~~~~~~~~~~~~~~~~~~~~~~~~~~~^^
  File "/opt/anaconda3/lib/python3.13/site-packages/jupyter_core/utils/__init__.py", line 158, in wrapped
    return loop.run_until_complete(inner)
           ~~~~~~~~~~~~~~~~~~~~~~~^^^^^^^
  File "/opt/anaconda3/lib/python3.13/asyncio/base_events.py", line 725, in run_until_complete
    return future.result()
           ~~~~~~~~~~~~~^^
  File "/opt/anaconda3/lib/python3.13/site-packages/nbclient/client.py", line 705, in async_execute
    await self.async_execute_cell(
        cell, index, execution_count=self.code_cells_executed + 1
    )
  File "/opt/anaconda3/lib/python3.13/site-packages/nbclient/client.py", line 1058, in async_execute_cell
    await self._check_raise_for_error(cell, cell_index, exec_reply)
  File "/opt/anaconda3/lib/python3.13/site-packages/nbclient/client.py", line 914, in _check_raise_for_error
    raise CellExecutionError.from_cell_and_msg(cell, exec_reply_content)
nbclient.exceptions.CellExecutionError: An error occurred while executing the following cell:
------------------
# compute psis:
psi5, E5 = basis_ho(2)
#psi10, E10 = basis_ho(10)
------------------


[31m---------------------------------------------------------------------------[39m
[31mAttributeError[39m                            Traceback (most recent call last)
[36mCell[39m[36m [39m[32mIn[3][39m[32m, line 2[39m
[32m      1[39m [38;5;66;03m# compute psis:[39;00m
[32m----> [39m[32m2[39m psi5, E5 = [43mbasis_ho[49m[43m([49m[32;43m2[39;49m[43m)[49m
[32m      3[39m [38;5;66;03m#psi10, E10 = basis_ho(10)[39;00m

[36mCell[39m[36m [39m[32mIn[2][39m[32m, line 53[39m, in [36mbasis_ho[39m[34m(N)[39m
[32m     51[39m     [38;5;66;03m# normalize the wavefunctions[39;00m
[32m     52[39m     psi2 = np.power(psiNorm,[32m2[39m)
[32m---> [39m[32m53[39m     norm = [43mintegrate[49m[43m.[49m[43msimps[49m(psi2,xInt)
[32m     54[39m     psi[:,A] /= np.sqrt(norm)
[32m     56[39m [38;5;28;01mreturn[39;00m psi, H_eig_val

[31mAttributeError[39m: module 'scipy.integrate' has no attribute 'simps'

