Traceback (most recent call last):
  File "/opt/anaconda3/lib/python3.12/site-packages/jupyter_cache/executors/utils.py", line 58, in single_nb_execution
    executenb(
  File "/opt/anaconda3/lib/python3.12/site-packages/nbclient/client.py", line 1305, in execute
    return NotebookClient(nb=nb, resources=resources, km=km, **kwargs).execute()
           ^^^^^^^^^^^^^^^^^^^^^^^^^^^^^^^^^^^^^^^^^^^^^^^^^^^^^^^^^^^^^^^^^^^^^
  File "/opt/anaconda3/lib/python3.12/site-packages/jupyter_core/utils/__init__.py", line 165, in wrapped
    return loop.run_until_complete(inner)
           ^^^^^^^^^^^^^^^^^^^^^^^^^^^^^^
  File "/opt/anaconda3/lib/python3.12/asyncio/base_events.py", line 687, in run_until_complete
    return future.result()
           ^^^^^^^^^^^^^^^
  File "/opt/anaconda3/lib/python3.12/site-packages/nbclient/client.py", line 705, in async_execute
    await self.async_execute_cell(
  File "/opt/anaconda3/lib/python3.12/site-packages/nbclient/client.py", line 1058, in async_execute_cell
    await self._check_raise_for_error(cell, cell_index, exec_reply)
  File "/opt/anaconda3/lib/python3.12/site-packages/nbclient/client.py", line 914, in _check_raise_for_error
    raise CellExecutionError.from_cell_and_msg(cell, exec_reply_content)
nbclient.exceptions.CellExecutionError: An error occurred while executing the following cell:
------------------
#### import numpy as np
import matplotlib.pyplot as plt
%matplotlib inline
from scipy.special import spherical_jn
def P_r(r,r0,n,l):
    zero_ln = spherical_jn_zero(l, n)
    return r_norm2(r0,n,l)*(spherical_jn(l, r*zero_ln/r0)*r)**2
def r_norm2(r0,n,l):
    zero_ln = spherical_jn_zero(l, n)
    return 2/(r0**3*spherical_jn(l+1, zero_ln)**2)
fontsize = 20
r = np.arange(0.0, 10.0, 0.01)
fig, ax = plt.subplots(1,2,figsize=(20,8),dpi= 80, facecolor='w', edgecolor='k')
ax[0].set_title(r'Effect of $l$', fontsize=fontsize)
ax[0].set_xlabel(r'$r (nm)$',size=fontsize)
ax[0].set_ylabel(r'$P_r(r)$',size=fontsize)
ax[0].tick_params(axis='both',labelsize=fontsize)
n = 1
for l in np.arange(4):
    ax[0].plot(r, P_r(r,10,n,l), lw = 3, label=rf'$l={l}, n={n}$')
ax[0].grid(b=True, which='major', axis='both', color='#808080', linestyle='--')
ax[0].legend(loc='best',fontsize=fontsize)
ax[1].set_title(r'Effect of $n$', fontsize=fontsize)
ax[1].set_xlabel(r'$r (nm)$',size=fontsize)
ax[1].tick_params(axis='both',labelsize=fontsize)
l = 0
for n in range(1,5):
    ax[1].plot(r, P_r(r,10,n,l), lw = 3, label=rf'$l={l}, n={n}$')
ax[1].grid(b=True, which='major', axis='both', color='#808080', linestyle='--')
ax[1].legend(loc='best',fontsize=fontsize)
plt.show();
------------------


[0;31m---------------------------------------------------------------------------[0m
[0;31mValueError[0m                                Traceback (most recent call last)
Cell [0;32mIn[5], line 21[0m
[1;32m     19[0m [38;5;28;01mfor[39;00m l [38;5;129;01min[39;00m np[38;5;241m.[39marange([38;5;241m4[39m):
[1;32m     20[0m     ax[[38;5;241m0[39m][38;5;241m.[39mplot(r, P_r(r,[38;5;241m10[39m,n,l), lw [38;5;241m=[39m [38;5;241m3[39m, label[38;5;241m=[39m[38;5;124mrf[39m[38;5;124m'[39m[38;5;124m$l=[39m[38;5;132;01m{[39;00ml[38;5;132;01m}[39;00m[38;5;124m, n=[39m[38;5;132;01m{[39;00mn[38;5;132;01m}[39;00m[38;5;124m$[39m[38;5;124m'[39m)
[0;32m---> 21[0m ax[[38;5;241m0[39m][38;5;241m.[39mgrid(b[38;5;241m=[39m[38;5;28;01mTrue[39;00m, which[38;5;241m=[39m[38;5;124m'[39m[38;5;124mmajor[39m[38;5;124m'[39m, axis[38;5;241m=[39m[38;5;124m'[39m[38;5;124mboth[39m[38;5;124m'[39m, color[38;5;241m=[39m[38;5;124m'[39m[38;5;124m#808080[39m[38;5;124m'[39m, linestyle[38;5;241m=[39m[38;5;124m'[39m[38;5;124m--[39m[38;5;124m'[39m)
[1;32m     22[0m ax[[38;5;241m0[39m][38;5;241m.[39mlegend(loc[38;5;241m=[39m[38;5;124m'[39m[38;5;124mbest[39m[38;5;124m'[39m,fontsize[38;5;241m=[39mfontsize)
[1;32m     23[0m ax[[38;5;241m1[39m][38;5;241m.[39mset_title([38;5;124mr[39m[38;5;124m'[39m[38;5;124mEffect of $n$[39m[38;5;124m'[39m, fontsize[38;5;241m=[39mfontsize)

File [0;32m/opt/anaconda3/lib/python3.12/site-packages/matplotlib/axes/_base.py:3268[0m, in [0;36m_AxesBase.grid[0;34m(self, visible, which, axis, **kwargs)[0m
[1;32m   3266[0m _api[38;5;241m.[39mcheck_in_list([[38;5;124m'[39m[38;5;124mx[39m[38;5;124m'[39m, [38;5;124m'[39m[38;5;124my[39m[38;5;124m'[39m, [38;5;124m'[39m[38;5;124mboth[39m[38;5;124m'[39m], axis[38;5;241m=[39maxis)
[1;32m   3267[0m [38;5;28;01mif[39;00m axis [38;5;129;01min[39;00m [[38;5;124m'[39m[38;5;124mx[39m[38;5;124m'[39m, [38;5;124m'[39m[38;5;124mboth[39m[38;5;124m'[39m]:
[0;32m-> 3268[0m     [38;5;28mself[39m[38;5;241m.[39mxaxis[38;5;241m.[39mgrid(visible, which[38;5;241m=[39mwhich, [38;5;241m*[39m[38;5;241m*[39mkwargs)
[1;32m   3269[0m [38;5;28;01mif[39;00m axis [38;5;129;01min[39;00m [[38;5;124m'[39m[38;5;124my[39m[38;5;124m'[39m, [38;5;124m'[39m[38;5;124mboth[39m[38;5;124m'[39m]:
[1;32m   3270[0m     [38;5;28mself[39m[38;5;241m.[39myaxis[38;5;241m.[39mgrid(visible, which[38;5;241m=[39mwhich, [38;5;241m*[39m[38;5;241m*[39mkwargs)

File [0;32m/opt/anaconda3/lib/python3.12/site-packages/matplotlib/axis.py:1741[0m, in [0;36mAxis.grid[0;34m(self, visible, which, **kwargs)[0m
[1;32m   1738[0m [38;5;28;01mif[39;00m which [38;5;129;01min[39;00m [[38;5;124m'[39m[38;5;124mmajor[39m[38;5;124m'[39m, [38;5;124m'[39m[38;5;124mboth[39m[38;5;124m'[39m]:
[1;32m   1739[0m     gridkw[[38;5;124m'[39m[38;5;124mgridOn[39m[38;5;124m'[39m] [38;5;241m=[39m ([38;5;129;01mnot[39;00m [38;5;28mself[39m[38;5;241m.[39m_major_tick_kw[[38;5;124m'[39m[38;5;124mgridOn[39m[38;5;124m'[39m]
[1;32m   1740[0m                         [38;5;28;01mif[39;00m visible [38;5;129;01mis[39;00m [38;5;28;01mNone[39;00m [38;5;28;01melse[39;00m visible)
[0;32m-> 1741[0m     [38;5;28mself[39m[38;5;241m.[39mset_tick_params(which[38;5;241m=[39m[38;5;124m'[39m[38;5;124mmajor[39m[38;5;124m'[39m, [38;5;241m*[39m[38;5;241m*[39mgridkw)
[1;32m   1742[0m [38;5;28mself[39m[38;5;241m.[39mstale [38;5;241m=[39m [38;5;28;01mTrue[39;00m

File [0;32m/opt/anaconda3/lib/python3.12/site-packages/matplotlib/axis.py:984[0m, in [0;36mAxis.set_tick_params[0;34m(self, which, reset, **kwargs)[0m
[1;32m    971[0m [38;5;250m[39m[38;5;124;03m"""[39;00m
[1;32m    972[0m [38;5;124;03mSet appearance parameters for ticks, ticklabels, and gridlines.[39;00m
[1;32m    973[0m 
[0;32m   (...)[0m
[1;32m    981[0m [38;5;124;03m    gridlines.[39;00m
[1;32m    982[0m [38;5;124;03m"""[39;00m
[1;32m    983[0m _api[38;5;241m.[39mcheck_in_list([[38;5;124m'[39m[38;5;124mmajor[39m[38;5;124m'[39m, [38;5;124m'[39m[38;5;124mminor[39m[38;5;124m'[39m, [38;5;124m'[39m[38;5;124mboth[39m[38;5;124m'[39m], which[38;5;241m=[39mwhich)
[0;32m--> 984[0m kwtrans [38;5;241m=[39m [38;5;28mself[39m[38;5;241m.[39m_translate_tick_params(kwargs)
[1;32m    986[0m [38;5;66;03m# the kwargs are stored in self._major/minor_tick_kw so that any[39;00m
[1;32m    987[0m [38;5;66;03m# future new ticks will automatically get them[39;00m
[1;32m    988[0m [38;5;28;01mif[39;00m reset:

File [0;32m/opt/anaconda3/lib/python3.12/site-packages/matplotlib/axis.py:1128[0m, in [0;36mAxis._translate_tick_params[0;34m(kw, reverse)[0m
[1;32m   1126[0m [38;5;28;01mfor[39;00m key [38;5;129;01min[39;00m kw_:
[1;32m   1127[0m     [38;5;28;01mif[39;00m key [38;5;129;01mnot[39;00m [38;5;129;01min[39;00m allowed_keys:
[0;32m-> 1128[0m         [38;5;28;01mraise[39;00m [38;5;167;01mValueError[39;00m(
[1;32m   1129[0m             [38;5;124m"[39m[38;5;124mkeyword [39m[38;5;132;01m%s[39;00m[38;5;124m is not recognized; valid keywords are [39m[38;5;132;01m%s[39;00m[38;5;124m"[39m
[1;32m   1130[0m             [38;5;241m%[39m (key, allowed_keys))
[1;32m   1131[0m kwtrans[38;5;241m.[39mupdate(kw_)
[1;32m   1132[0m [38;5;28;01mreturn[39;00m kwtrans

[0;31mValueError[0m: keyword grid_b is not recognized; valid keywords are ['size', 'width', 'color', 'tickdir', 'pad', 'labelsize', 'labelcolor', 'labelfontfamily', 'zorder', 'gridOn', 'tick1On', 'tick2On', 'label1On', 'label2On', 'length', 'direction', 'left', 'bottom', 'right', 'top', 'labelleft', 'labelbottom', 'labelright', 'labeltop', 'labelrotation', 'grid_agg_filter', 'grid_alpha', 'grid_animated', 'grid_antialiased', 'grid_clip_box', 'grid_clip_on', 'grid_clip_path', 'grid_color', 'grid_dash_capstyle', 'grid_dash_joinstyle', 'grid_dashes', 'grid_data', 'grid_drawstyle', 'grid_figure', 'grid_fillstyle', 'grid_gapcolor', 'grid_gid', 'grid_in_layout', 'grid_label', 'grid_linestyle', 'grid_linewidth', 'grid_marker', 'grid_markeredgecolor', 'grid_markeredgewidth', 'grid_markerfacecolor', 'grid_markerfacecoloralt', 'grid_markersize', 'grid_markevery', 'grid_mouseover', 'grid_path_effects', 'grid_picker', 'grid_pickradius', 'grid_rasterized', 'grid_sketch_params', 'grid_snap', 'grid_solid_capstyle', 'grid_solid_joinstyle', 'grid_transform', 'grid_url', 'grid_visible', 'grid_xdata', 'grid_ydata', 'grid_zorder', 'grid_aa', 'grid_c', 'grid_ds', 'grid_ls', 'grid_lw', 'grid_mec', 'grid_mew', 'grid_mfc', 'grid_mfcalt', 'grid_ms']

