Traceback (most recent call last):
  File "/opt/anaconda3/envs/jbook015/lib/python3.10/site-packages/jupyter_cache/executors/utils.py", line 58, in single_nb_execution
    executenb(
  File "/opt/anaconda3/envs/jbook015/lib/python3.10/site-packages/nbclient/client.py", line 1305, in execute
    return NotebookClient(nb=nb, resources=resources, km=km, **kwargs).execute()
  File "/opt/anaconda3/envs/jbook015/lib/python3.10/site-packages/jupyter_core/utils/__init__.py", line 165, in wrapped
    return loop.run_until_complete(inner)
  File "/opt/anaconda3/envs/jbook015/lib/python3.10/asyncio/base_events.py", line 649, in run_until_complete
    return future.result()
  File "/opt/anaconda3/envs/jbook015/lib/python3.10/site-packages/nbclient/client.py", line 705, in async_execute
    await self.async_execute_cell(
  File "/opt/anaconda3/envs/jbook015/lib/python3.10/site-packages/nbclient/client.py", line 1058, in async_execute_cell
    await self._check_raise_for_error(cell, cell_index, exec_reply)
  File "/opt/anaconda3/envs/jbook015/lib/python3.10/site-packages/nbclient/client.py", line 914, in _check_raise_for_error
    raise CellExecutionError.from_cell_and_msg(cell, exec_reply_content)
nbclient.exceptions.CellExecutionError: An error occurred while executing the following cell:
------------------
# make animated gif of first two harmonics
import matplotlib.pyplot as plt
def plot_classical_wave_frame(t, nu, max_n):
    a = 1
    # setup plot parameters
    fig = plt.figure(figsize=(6,4), dpi= 80, facecolor='w', edgecolor='k')
    ax = plt.subplot(111)
    all_x = np.arange(0,a,0.01)
    n = 1
    partial_sum = np.sin(n*np.pi*all_x/a)*np.cos(nu*n*t/(2*a))
    #ax.plot(all_x,partial_sum,'--',lw=2, label="n=1")
    n = 2
    partial_sum += np.sin(n*np.pi*all_x/a)*np.cos(nu*n*t/(2*a)+np.pi/2)
    #ax.plot(all_x,np.sin(n*np.pi*all_x/a)*np.cos(nu*n*t/(2*a)+np.pi/2),'--',lw=2, label="n=2")   
    ax.plot(all_x,partial_sum,'-',lw=3, label="sum")
    plt.legend(fontsize=12)
    ax.set_xlabel(r'$x/a$',size=20)
    ax.get_yaxis().set_visible(False)
    plt.ylim((-2,2))
    plt.xlim((0.0,1.0))
    plt.savefig(f'./img/img_{t}.png', 
                transparent = False,  
                facecolor = 'white'
               )
    plt.close()
    
# make gif
import numpy as np
import imageio
time = np.arange(0,120)
for t in time:
    plot_classical_wave_frame(t,0.1,1)
frames = []
for t in time:
    #image = iio.imread(f'./img/img_{t}.png')
    image = imageio.imread(f'./img/img_{t}.png')
    frames.append(image)
imageio.mimsave('./img/classical_wave_three_modes_v03.gif', # output gif
                frames,          # array of input frames
                fps = 10)  
------------------


[0;31m---------------------------------------------------------------------------[0m
[0;31mModuleNotFoundError[0m                       Traceback (most recent call last)
Cell [0;32mIn[3], line 29[0m
[1;32m     27[0m [38;5;66;03m# make gif[39;00m
[1;32m     28[0m [38;5;28;01mimport[39;00m[38;5;250m [39m[38;5;21;01mnumpy[39;00m[38;5;250m [39m[38;5;28;01mas[39;00m[38;5;250m [39m[38;5;21;01mnp[39;00m
[0;32m---> 29[0m [38;5;28;01mimport[39;00m[38;5;250m [39m[38;5;21;01mimageio[39;00m
[1;32m     30[0m time [38;5;241m=[39m np[38;5;241m.[39marange([38;5;241m0[39m,[38;5;241m120[39m)
[1;32m     31[0m [38;5;28;01mfor[39;00m t [38;5;129;01min[39;00m time:

[0;31mModuleNotFoundError[0m: No module named 'imageio'

