Traceback (most recent call last):
  File "/opt/anaconda3/envs/jbook015/lib/python3.10/site-packages/jupyter_cache/executors/utils.py", line 58, in single_nb_execution
    executenb(
  File "/opt/anaconda3/envs/jbook015/lib/python3.10/site-packages/nbclient/client.py", line 1305, in execute
    return NotebookClient(nb=nb, resources=resources, km=km, **kwargs).execute()
  File "/opt/anaconda3/envs/jbook015/lib/python3.10/site-packages/jupyter_core/utils/__init__.py", line 165, in wrapped
    return loop.run_until_complete(inner)
  File "/opt/anaconda3/envs/jbook015/lib/python3.10/asyncio/base_events.py", line 649, in run_until_complete
    return future.result()
  File "/opt/anaconda3/envs/jbook015/lib/python3.10/site-packages/nbclient/client.py", line 705, in async_execute
    await self.async_execute_cell(
  File "/opt/anaconda3/envs/jbook015/lib/python3.10/site-packages/nbclient/client.py", line 1058, in async_execute_cell
    await self._check_raise_for_error(cell, cell_index, exec_reply)
  File "/opt/anaconda3/envs/jbook015/lib/python3.10/site-packages/nbclient/client.py", line 914, in _check_raise_for_error
    raise CellExecutionError.from_cell_and_msg(cell, exec_reply_content)
nbclient.exceptions.CellExecutionError: An error occurred while executing the following cell:
------------------
import numpy as np
def lj(r1,r2,eps,sigma):
    r12 = np.sqrt((r1[0]-r2[0])**2+(r1[1]-r2[1])**2+(r1[2]-r2[2])**2)
    return 4*eps* ((sigma/r12)**12 - (sigma/r12)**6)
r1 = np.array([0.25,0.6,1.0])
r2 = np.array([3.0,1.2,0.8])
print("Potential energy (units of epsilon):", np.round(lj(r1,r2,2,2),2))
------------------


[0;31m---------------------------------------------------------------------------[0m
[0;31mModuleNotFoundError[0m                       Traceback (most recent call last)
Cell [0;32mIn[1], line 1[0m
[0;32m----> 1[0m [38;5;28;01mimport[39;00m[38;5;250m [39m[38;5;21;01mnumpy[39;00m[38;5;250m [39m[38;5;28;01mas[39;00m[38;5;250m [39m[38;5;21;01mnp[39;00m
[1;32m      2[0m [38;5;28;01mdef[39;00m[38;5;250m [39m[38;5;21mlj[39m(r1,r2,eps,sigma):
[1;32m      3[0m     r12 [38;5;241m=[39m np[38;5;241m.[39msqrt((r1[[38;5;241m0[39m][38;5;241m-[39mr2[[38;5;241m0[39m])[38;5;241m*[39m[38;5;241m*[39m[38;5;241m2[39m[38;5;241m+[39m(r1[[38;5;241m1[39m][38;5;241m-[39mr2[[38;5;241m1[39m])[38;5;241m*[39m[38;5;241m*[39m[38;5;241m2[39m[38;5;241m+[39m(r1[[38;5;241m2[39m][38;5;241m-[39mr2[[38;5;241m2[39m])[38;5;241m*[39m[38;5;241m*[39m[38;5;241m2[39m)

[0;31mModuleNotFoundError[0m: No module named 'numpy'

