Traceback (most recent call last):
  File "/opt/anaconda3/lib/python3.13/site-packages/jupyter_core/utils/__init__.py", line 154, in wrapped
    asyncio.get_running_loop()
    ~~~~~~~~~~~~~~~~~~~~~~~~^^
RuntimeError: no running event loop

During handling of the above exception, another exception occurred:

Traceback (most recent call last):
  File "/opt/anaconda3/lib/python3.13/site-packages/jupyter_cache/executors/utils.py", line 58, in single_nb_execution
    executenb(
    ~~~~~~~~~^
        nb,
        ^^^
    ...<4 lines>...
        **kwargs,
        ^^^^^^^^^
    )
    ^
  File "/opt/anaconda3/lib/python3.13/site-packages/nbclient/client.py", line 1305, in execute
    return NotebookClient(nb=nb, resources=resources, km=km, **kwargs).execute()
           ~~~~~~~~~~~~~~~~~~~~~~~~~~~~~~~~~~~~~~~~~~~~~~~~~~~~~~~~~~~~~~~~~~~^^
  File "/opt/anaconda3/lib/python3.13/site-packages/jupyter_core/utils/__init__.py", line 158, in wrapped
    return loop.run_until_complete(inner)
           ~~~~~~~~~~~~~~~~~~~~~~~^^^^^^^
  File "/opt/anaconda3/lib/python3.13/asyncio/base_events.py", line 725, in run_until_complete
    return future.result()
           ~~~~~~~~~~~~~^^
  File "/opt/anaconda3/lib/python3.13/site-packages/nbclient/client.py", line 705, in async_execute
    await self.async_execute_cell(
        cell, index, execution_count=self.code_cells_executed + 1
    )
  File "/opt/anaconda3/lib/python3.13/site-packages/nbclient/client.py", line 1058, in async_execute_cell
    await self._check_raise_for_error(cell, cell_index, exec_reply)
  File "/opt/anaconda3/lib/python3.13/site-packages/nbclient/client.py", line 914, in _check_raise_for_error
    raise CellExecutionError.from_cell_and_msg(cell, exec_reply_content)
nbclient.exceptions.CellExecutionError: An error occurred while executing the following cell:
------------------
# H2 MO Minimal Basis
from scipy.optimize import minimize
from scipy import integrate
import matplotlib.pyplot as plt
%matplotlib inline
import numpy as np

gamma = 0.57721

def J(R):
    return np.exp(-2*R)*(1+1/R) - 1/R
def K(R):
    return -np.exp(-R)*(1+R)
def S(R):
    return np.exp(-R)*(1 + R + R*R/3)
def S2(R):
    return np.exp(R)*(1 - R + R*R/3)
def E1_integrand(t):
    return np.exp(-t)/t
def E1(x):
    return integrate.quad(E1_integrand,x,np.infty)[0]
def J2(R):
    return 1/R - np.exp(-2*R) * (1/R + 11/8 + 0.75*R + R*R/6)
def L(R):
    return np.exp(-R) * (R + 1/8 + 5/(16*R)) + np.exp(-3*R)*(-1/8 - 5/(16*R))
def K2(R):
    term_1 = -0.2 * np.exp(-2*R) * (-25/8 + 23*R/4 + 3*R*R + R**3/3)
    term_2 = 1.2/R * (S(R)**2 * (gamma + np.log(R)) - S2(R)**2 * E1(4*R) + 2*S(R) * S2(R) * E1(2*R))
    return term_1+term_2

def E(Z,R):
    w = Z*R
    denom = 1+S(w)
    prefactor = Z/denom
    t1 = Z*(1-S(w)-2*K(w))
    t2 = -2 + 2*J(w) + 4*K(w)
    t3 = (5/16 + 0.5*J2(w) + K2(w) + 2*L(w))/denom
    return prefactor*(t1+t2+t3) + 1/R
# compute energy as function of R
R = np.arange(0.5,8,0.001)
E_1s_basis = np.empty(R.size)
E_slater_basis = np.empty(R.size)
Z_min = np.empty(R.size)
for i, r in enumerate(R):
    E_1s_basis[i] = E(1,r)
    Z_min[i] = minimize(E,1.0,args=(r)).x[0]
    E_slater_basis[i] = E(Z_min[i],r)
------------------


[31m---------------------------------------------------------------------------[39m
[31mAttributeError[39m                            Traceback (most recent call last)
[36mCell[39m[36m [39m[32mIn[1][39m[32m, line 45[39m
[32m     43[39m Z_min = np.empty(R.size)
[32m     44[39m [38;5;28;01mfor[39;00m i, r [38;5;129;01min[39;00m [38;5;28menumerate[39m(R):
[32m---> [39m[32m45[39m     E_1s_basis[i] = [43mE[49m[43m([49m[32;43m1[39;49m[43m,[49m[43mr[49m[43m)[49m
[32m     46[39m     Z_min[i] = minimize(E,[32m1.0[39m,args=(r)).x[[32m0[39m]
[32m     47[39m     E_slater_basis[i] = E(Z_min[i],r)

[36mCell[39m[36m [39m[32mIn[1][39m[32m, line 37[39m, in [36mE[39m[34m(Z, R)[39m
[32m     35[39m t1 = Z*([32m1[39m-S(w)-[32m2[39m*K(w))
[32m     36[39m t2 = -[32m2[39m + [32m2[39m*J(w) + [32m4[39m*K(w)
[32m---> [39m[32m37[39m t3 = ([32m5[39m/[32m16[39m + [32m0.5[39m*J2(w) + [43mK2[49m[43m([49m[43mw[49m[43m)[49m + [32m2[39m*L(w))/denom
[32m     38[39m [38;5;28;01mreturn[39;00m prefactor*(t1+t2+t3) + [32m1[39m/R

[36mCell[39m[36m [39m[32mIn[1][39m[32m, line 28[39m, in [36mK2[39m[34m(R)[39m
[32m     26[39m [38;5;28;01mdef[39;00m[38;5;250m [39m[34mK2[39m(R):
[32m     27[39m     term_1 = -[32m0.2[39m * np.exp(-[32m2[39m*R) * (-[32m25[39m/[32m8[39m + [32m23[39m*R/[32m4[39m + [32m3[39m*R*R + R**[32m3[39m/[32m3[39m)
[32m---> [39m[32m28[39m     term_2 = [32m1.2[39m/R * (S(R)**[32m2[39m * (gamma + np.log(R)) - S2(R)**[32m2[39m * [43mE1[49m[43m([49m[32;43m4[39;49m[43m*[49m[43mR[49m[43m)[49m + [32m2[39m*S(R) * S2(R) * E1([32m2[39m*R))
[32m     29[39m     [38;5;28;01mreturn[39;00m term_1+term_2

[36mCell[39m[36m [39m[32mIn[1][39m[32m, line 21[39m, in [36mE1[39m[34m(x)[39m
[32m     20[39m [38;5;28;01mdef[39;00m[38;5;250m [39m[34mE1[39m(x):
[32m---> [39m[32m21[39m     [38;5;28;01mreturn[39;00m integrate.quad(E1_integrand,x,[43mnp[49m[43m.[49m[43minfty[49m)[[32m0[39m]

[36mFile [39m[32m/opt/anaconda3/lib/python3.13/site-packages/numpy/__init__.py:781[39m, in [36m__getattr__[39m[34m(attr)[39m
[32m    778[39m     [38;5;28;01mraise[39;00m [38;5;167;01mAttributeError[39;00m(__former_attrs__[attr], name=[38;5;28;01mNone[39;00m)
[32m    780[39m [38;5;28;01mif[39;00m attr [38;5;129;01min[39;00m __expired_attributes__:
[32m--> [39m[32m781[39m     [38;5;28;01mraise[39;00m [38;5;167;01mAttributeError[39;00m(
[32m    782[39m         [33mf[39m[33m"[39m[33m`np.[39m[38;5;132;01m{[39;00mattr[38;5;132;01m}[39;00m[33m` was removed in the NumPy 2.0 release. [39m[33m"[39m
[32m    783[39m         [33mf[39m[33m"[39m[38;5;132;01m{[39;00m__expired_attributes__[attr][38;5;132;01m}[39;00m[33m"[39m,
[32m    784[39m         name=[38;5;28;01mNone[39;00m
[32m    785[39m     )
[32m    787[39m [38;5;28;01mif[39;00m attr == [33m"[39m[33mchararray[39m[33m"[39m:
[32m    788[39m     warnings.warn(
[32m    789[39m         [33m"[39m[33m`np.chararray` is deprecated and will be removed from [39m[33m"[39m
[32m    790[39m         [33m"[39m[33mthe main namespace in the future. Use an array with a string [39m[33m"[39m
[32m    791[39m         [33m"[39m[33mor bytes dtype instead.[39m[33m"[39m, [38;5;167;01mDeprecationWarning[39;00m, stacklevel=[32m2[39m)

[31mAttributeError[39m: `np.infty` was removed in the NumPy 2.0 release. Use `np.inf` instead.

