Traceback (most recent call last):
  File "/opt/anaconda3/envs/jbook015/lib/python3.10/site-packages/jupyter_cache/executors/utils.py", line 58, in single_nb_execution
    executenb(
  File "/opt/anaconda3/envs/jbook015/lib/python3.10/site-packages/nbclient/client.py", line 1305, in execute
    return NotebookClient(nb=nb, resources=resources, km=km, **kwargs).execute()
  File "/opt/anaconda3/envs/jbook015/lib/python3.10/site-packages/jupyter_core/utils/__init__.py", line 165, in wrapped
    return loop.run_until_complete(inner)
  File "/opt/anaconda3/envs/jbook015/lib/python3.10/asyncio/base_events.py", line 649, in run_until_complete
    return future.result()
  File "/opt/anaconda3/envs/jbook015/lib/python3.10/site-packages/nbclient/client.py", line 705, in async_execute
    await self.async_execute_cell(
  File "/opt/anaconda3/envs/jbook015/lib/python3.10/site-packages/nbclient/client.py", line 1058, in async_execute_cell
    await self._check_raise_for_error(cell, cell_index, exec_reply)
  File "/opt/anaconda3/envs/jbook015/lib/python3.10/site-packages/nbclient/client.py", line 914, in _check_raise_for_error
    raise CellExecutionError.from_cell_and_msg(cell, exec_reply_content)
nbclient.exceptions.CellExecutionError: An error occurred while executing the following cell:
------------------
import numpy as np
print("∆G0_rxn = ", 2*51.258 - 97.87)
print("K_P = ", np.exp( -(2*51.258 - 97.787)/(8.314/1000*298.15)))
------------------


[0;31m---------------------------------------------------------------------------[0m
[0;31mModuleNotFoundError[0m                       Traceback (most recent call last)
Cell [0;32mIn[1], line 1[0m
[0;32m----> 1[0m [38;5;28;01mimport[39;00m[38;5;250m [39m[38;5;21;01mnumpy[39;00m[38;5;250m [39m[38;5;28;01mas[39;00m[38;5;250m [39m[38;5;21;01mnp[39;00m
[1;32m      2[0m [38;5;28mprint[39m([38;5;124m"[39m[38;5;124m∆G0_rxn = [39m[38;5;124m"[39m, [38;5;241m2[39m[38;5;241m*[39m[38;5;241m51.258[39m [38;5;241m-[39m [38;5;241m97.87[39m)
[1;32m      3[0m [38;5;28mprint[39m([38;5;124m"[39m[38;5;124mK_P = [39m[38;5;124m"[39m, np[38;5;241m.[39mexp( [38;5;241m-[39m([38;5;241m2[39m[38;5;241m*[39m[38;5;241m51.258[39m [38;5;241m-[39m [38;5;241m97.787[39m)[38;5;241m/[39m([38;5;241m8.314[39m[38;5;241m/[39m[38;5;241m1000[39m[38;5;241m*[39m[38;5;241m298.15[39m)))

[0;31mModuleNotFoundError[0m: No module named 'numpy'

