Traceback (most recent call last):
  File "/opt/anaconda3/envs/jbook015/lib/python3.10/site-packages/jupyter_cache/executors/utils.py", line 58, in single_nb_execution
    executenb(
  File "/opt/anaconda3/envs/jbook015/lib/python3.10/site-packages/nbclient/client.py", line 1305, in execute
    return NotebookClient(nb=nb, resources=resources, km=km, **kwargs).execute()
  File "/opt/anaconda3/envs/jbook015/lib/python3.10/site-packages/jupyter_core/utils/__init__.py", line 165, in wrapped
    return loop.run_until_complete(inner)
  File "/opt/anaconda3/envs/jbook015/lib/python3.10/asyncio/base_events.py", line 649, in run_until_complete
    return future.result()
  File "/opt/anaconda3/envs/jbook015/lib/python3.10/site-packages/nbclient/client.py", line 705, in async_execute
    await self.async_execute_cell(
  File "/opt/anaconda3/envs/jbook015/lib/python3.10/site-packages/nbclient/client.py", line 1058, in async_execute_cell
    await self._check_raise_for_error(cell, cell_index, exec_reply)
  File "/opt/anaconda3/envs/jbook015/lib/python3.10/site-packages/nbclient/client.py", line 914, in _check_raise_for_error
    raise CellExecutionError.from_cell_and_msg(cell, exec_reply_content)
nbclient.exceptions.CellExecutionError: An error occurred while executing the following cell:
------------------
import numpy as np
import matplotlib.pyplot as plt
%matplotlib inline

def plot_PV_diagram_adiabat(n=1,R=0.08206,V=np.arange(0.5,7.1,0.1),pUnit="atm",vUnit="L",T1=100,T2=200,fontsize=16):
    xlabel = "V (" + vUnit + ")"
    ylabel = "P (" + pUnit + ")"
    # setup plot parameters
    fig = plt.figure(figsize=(8,6), dpi= 80, facecolor='w', edgecolor='k')
    ax = plt.subplot(111)
    ax.grid(b=True, which='major', axis='both', color='#808080', linestyle='--')
    ax.set_xlabel(xlabel,size=fontsize)
    ax.set_ylabel(ylabel,size=fontsize)
    plt.tick_params(axis='both',labelsize=fontsize)
    # plot isotherms
    label = "T$_1$=" + str(T1)+" K"
    ax.plot(V,n*R*T1/V,label=label,lw=4)
    label = "T$_2$=" + str(T2)+" K"
    ax.plot(V,n*R*T2/V,label=label,lw=4)
    # adiabat 1
    lowV = (T1*1.5**(2/3)/T2)**(3/2)
    highV = 1.5
    Vadiabat1 = np.arange(lowV,highV+0.1,0.1)
    ax.plot(V,n*R*T1*1.5**(2/3)/V**(5/3),label="Adiabat 1",lw=4)
    ax.plot(Vadiabat1,n*R*T1*1.5**(2/3)/Vadiabat1**(5/3),lw=1,c="k")
    label = "(" + str(1.5) +","+ str(np.round(n*R*T1/1.5,decimals=1)) + "," +str(T1)+")"
    label = "(V$_1$,P$_1$,T$_1$)"
    ax.annotate(label,xy=(0.5,n*R*T1/1.5-1),fontsize=fontsize)
    plt.scatter(1.5,n*R*T1/1.5,s=50,color="tab:blue")
    label = "(" + str(1.5) +","+ str(np.round(n*R*T2/1.5,decimals=1)) + "," +str(T2)+")"
    label = "(V$_2$,P$_2$,T$_2$)"
    plt.scatter(lowV,n*R*T2/lowV,s=50,color="tab:orange")
    ax.annotate(label,xy=(lowV+0.05,n*R*T2/lowV),fontsize=fontsize)
    ax.annotate("A",xy=(0.4,n*R*T1/1.5+ 0.5*(n*R*T2/lowV-n*R*T1/1.5)),fontsize=fontsize*1.5)
    label = "(" + str(2.5) +","+ str(np.round(n*R*T2/2.5,decimals=1)) + "," +str(T2)+")"
    label = "(V$_3$,P$_3$,T$_2$)"
    # adiabat 2
    lowV2 = 2.5
    highV2 = (T2*2.5**(2/3)/T1)**(3/2)
    Vadiabat2 = np.arange(lowV2,highV2+0.1,0.1)
    ax.plot(V,n*R*T2*2.5**(2/3)/V**(5/3),label="Adiabat 2",lw=4)
    ax.plot(Vadiabat2,n*R*T2*2.5**(2/3)/Vadiabat2**(5/3),lw=1,c="k")
    plt.scatter(2.5,n*R*T2/2.5,s=50,color="tab:orange")
    ax.annotate(label,xy=(2.6,n*R*T2/2.5),fontsize=fontsize)
    ax.annotate("B",xy=(1.5,n*R*T2/2+3),fontsize=24)
    label = "(" + str(2.5) +","+ str(np.round(n*R*T1/2.5,decimals=1)) + "," +str(T1)+")"
    label = "(V$_4$,P$_4$,T$_1$)"
    plt.scatter(highV2,n*R*T1/highV2,s=50,color="tab:blue")
    ax.annotate(label,xy=(highV2,n*R*T1/highV2),fontsize=fontsize)
    ax.annotate("C",xy=(4.25,3.0),fontsize=fontsize*1.5)
    ax.annotate("D",xy=(3,n*R*T1/2-3.0),fontsize=fontsize*1.5)
    vsub = np.arange(lowV,2.51,0.01)
    ax.plot(vsub,n*R*T2/vsub,lw=1,c="k")
    vsub = np.arange(1.5,highV2+0.01,0.01)
    ax.plot(vsub,n*R*T1/vsub,lw=1,c="k")
    ax.fill_between(np.arange(1.5,2.51,0.01),n*R*T1/np.arange(1.5,2.51,0.01),n*R*T2/np.arange(1.5,2.51,0.01),facecolor="purple",alpha=0.5,interpolate=True)
    ax.fill_between(np.arange(lowV,1.51,0.01),n*R*T2/np.arange(lowV,1.51,0.01),n*R*T1*1.5**(2/3)/np.arange(lowV,1.51,0.01)**(5/3),facecolor="purple",alpha=0.5,interpolate=True)
    ax.fill_between(np.arange(2.5,highV2+0.01,0.01),n*R*T2*2.5**(2/3)/np.arange(2.5,highV2+0.01,0.01)**(5/3),n*R*T1/np.arange(2.5,highV2+0.01,0.01),facecolor="purple",alpha=0.5,interpolate=True)
    ax.set_ylim(0,35)
    plt.legend(fontsize=fontsize)
------------------


[0;31m---------------------------------------------------------------------------[0m
[0;31mModuleNotFoundError[0m                       Traceback (most recent call last)
Cell [0;32mIn[1], line 1[0m
[0;32m----> 1[0m [38;5;28;01mimport[39;00m[38;5;250m [39m[38;5;21;01mnumpy[39;00m[38;5;250m [39m[38;5;28;01mas[39;00m[38;5;250m [39m[38;5;21;01mnp[39;00m
[1;32m      2[0m [38;5;28;01mimport[39;00m[38;5;250m [39m[38;5;21;01mmatplotlib[39;00m[38;5;21;01m.[39;00m[38;5;21;01mpyplot[39;00m[38;5;250m [39m[38;5;28;01mas[39;00m[38;5;250m [39m[38;5;21;01mplt[39;00m
[1;32m      3[0m get_ipython()[38;5;241m.[39mrun_line_magic([38;5;124m'[39m[38;5;124mmatplotlib[39m[38;5;124m'[39m, [38;5;124m'[39m[38;5;124minline[39m[38;5;124m'[39m)

[0;31mModuleNotFoundError[0m: No module named 'numpy'

