Traceback (most recent call last):
  File "/opt/anaconda3/lib/python3.12/site-packages/jupyter_cache/executors/utils.py", line 58, in single_nb_execution
    executenb(
  File "/opt/anaconda3/lib/python3.12/site-packages/nbclient/client.py", line 1305, in execute
    return NotebookClient(nb=nb, resources=resources, km=km, **kwargs).execute()
           ^^^^^^^^^^^^^^^^^^^^^^^^^^^^^^^^^^^^^^^^^^^^^^^^^^^^^^^^^^^^^^^^^^^^^
  File "/opt/anaconda3/lib/python3.12/site-packages/jupyter_core/utils/__init__.py", line 165, in wrapped
    return loop.run_until_complete(inner)
           ^^^^^^^^^^^^^^^^^^^^^^^^^^^^^^
  File "/opt/anaconda3/lib/python3.12/asyncio/base_events.py", line 687, in run_until_complete
    return future.result()
           ^^^^^^^^^^^^^^^
  File "/opt/anaconda3/lib/python3.12/site-packages/nbclient/client.py", line 705, in async_execute
    await self.async_execute_cell(
  File "/opt/anaconda3/lib/python3.12/site-packages/nbclient/client.py", line 1058, in async_execute_cell
    await self._check_raise_for_error(cell, cell_index, exec_reply)
  File "/opt/anaconda3/lib/python3.12/site-packages/nbclient/client.py", line 914, in _check_raise_for_error
    raise CellExecutionError.from_cell_and_msg(cell, exec_reply_content)
nbclient.exceptions.CellExecutionError: An error occurred while executing the following cell:
------------------

r_custom, g_custom, counts_custom = radial_distribution_function(
    results["wrapped_traj"],
    box_length=results["box_length"],
    r_max=results["box_length"] / 2.0,
    n_bins=100,
)

plt.figure(figsize=(6, 4))
plt.plot(r_custom, g_custom)
plt.xlabel("r")
plt.ylabel("g(r)")
plt.title("Radial distribution function")
plt.tight_layout()
plt.show()

------------------


[0;31m---------------------------------------------------------------------------[0m
[0;31mNameError[0m                                 Traceback (most recent call last)
Cell [0;32mIn[6], line 2[0m
[1;32m      1[0m r_custom, g_custom, counts_custom [38;5;241m=[39m radial_distribution_function(
[0;32m----> 2[0m     results[[38;5;124m"[39m[38;5;124mwrapped_traj[39m[38;5;124m"[39m],
[1;32m      3[0m     box_length[38;5;241m=[39mresults[[38;5;124m"[39m[38;5;124mbox_length[39m[38;5;124m"[39m],
[1;32m      4[0m     r_max[38;5;241m=[39mresults[[38;5;124m"[39m[38;5;124mbox_length[39m[38;5;124m"[39m] [38;5;241m/[39m [38;5;241m2.0[39m,
[1;32m      5[0m     n_bins[38;5;241m=[39m[38;5;241m100[39m,
[1;32m      6[0m )
[1;32m      8[0m plt[38;5;241m.[39mfigure(figsize[38;5;241m=[39m([38;5;241m6[39m, [38;5;241m4[39m))
[1;32m      9[0m plt[38;5;241m.[39mplot(r_custom, g_custom)

[0;31mNameError[0m: name 'results' is not defined

