Traceback (most recent call last):
  File "/opt/anaconda3/lib/python3.13/site-packages/jupyter_core/utils/__init__.py", line 154, in wrapped
    asyncio.get_running_loop()
    ~~~~~~~~~~~~~~~~~~~~~~~~^^
RuntimeError: no running event loop

During handling of the above exception, another exception occurred:

Traceback (most recent call last):
  File "/opt/anaconda3/lib/python3.13/site-packages/jupyter_cache/executors/utils.py", line 58, in single_nb_execution
    executenb(
    ~~~~~~~~~^
        nb,
        ^^^
    ...<4 lines>...
        **kwargs,
        ^^^^^^^^^
    )
    ^
  File "/opt/anaconda3/lib/python3.13/site-packages/nbclient/client.py", line 1305, in execute
    return NotebookClient(nb=nb, resources=resources, km=km, **kwargs).execute()
           ~~~~~~~~~~~~~~~~~~~~~~~~~~~~~~~~~~~~~~~~~~~~~~~~~~~~~~~~~~~~~~~~~~~^^
  File "/opt/anaconda3/lib/python3.13/site-packages/jupyter_core/utils/__init__.py", line 158, in wrapped
    return loop.run_until_complete(inner)
           ~~~~~~~~~~~~~~~~~~~~~~~^^^^^^^
  File "/opt/anaconda3/lib/python3.13/asyncio/base_events.py", line 725, in run_until_complete
    return future.result()
           ~~~~~~~~~~~~~^^
  File "/opt/anaconda3/lib/python3.13/site-packages/nbclient/client.py", line 705, in async_execute
    await self.async_execute_cell(
        cell, index, execution_count=self.code_cells_executed + 1
    )
  File "/opt/anaconda3/lib/python3.13/site-packages/nbclient/client.py", line 1058, in async_execute_cell
    await self._check_raise_for_error(cell, cell_index, exec_reply)
  File "/opt/anaconda3/lib/python3.13/site-packages/nbclient/client.py", line 914, in _check_raise_for_error
    raise CellExecutionError.from_cell_and_msg(cell, exec_reply_content)
nbclient.exceptions.CellExecutionError: An error occurred while executing the following cell:
------------------
# compute energy as a function of bond length
bond_lengths = np.linspace(0.5, 8.0, 62)
energies = []
# loop over R values and compute energies
for R in bond_lengths:
    mol = H2RHF(bond_length=R)
    energies.append(mol.scf(verbose=False))

# Convert to numpy array
energies = np.array(energies)

#plot 
fontsize = 12
plt.figure(figsize=(5, 5))

plt.plot(bond_lengths, energies, linewidth=2, label='H$_2$ (STO-3G)')

plt.xlabel('Bond Length R (bohr)', fontsize=fontsize)
plt.ylabel('Energy (Hartree)', fontsize=fontsize)

plt.title('E(R) for H2 RHF/STO-3G', fontsize=fontsize)

plt.legend(fontsize=fontsize-1)
plt.grid(True, linestyle=':', linewidth=0.8)

plt.tick_params(labelsize=fontsize)

# Tight axis limits (no excess whitespace)
plt.xlim(bond_lengths.min(), bond_lengths.max())

# Optional: tighten y-limits to data range with small padding
ymin = energies.min()
ymax = energies.max(),
padding = 0.02 * (ymax - ymin)
plt.ylim(ymin - padding, ymax + padding)

plt.tight_layout()
plt.show()
------------------


[31m---------------------------------------------------------------------------[39m
[31mNameError[39m                                 Traceback (most recent call last)
[36mCell[39m[36m [39m[32mIn[10][39m[32m, line 14[39m
[32m     12[39m [38;5;66;03m#plot [39;00m
[32m     13[39m fontsize = [32m12[39m
[32m---> [39m[32m14[39m [43mplt[49m.figure(figsize=([32m5[39m, [32m5[39m))
[32m     16[39m plt.plot(bond_lengths, energies, linewidth=[32m2[39m, label=[33m'[39m[33mH$_2$ (STO-3G)[39m[33m'[39m)
[32m     18[39m plt.xlabel([33m'[39m[33mBond Length R (bohr)[39m[33m'[39m, fontsize=fontsize)

[31mNameError[39m: name 'plt' is not defined

