Traceback (most recent call last):
  File "/opt/anaconda3/lib/python3.13/site-packages/jupyter_cache/executors/utils.py", line 58, in single_nb_execution
    executenb(
    ~~~~~~~~~^
        nb,
        ^^^
    ...<4 lines>...
        **kwargs,
        ^^^^^^^^^
    )
    ^
  File "/opt/anaconda3/lib/python3.13/site-packages/nbclient/client.py", line 1305, in execute
    return NotebookClient(nb=nb, resources=resources, km=km, **kwargs).execute()
           ~~~~~~~~~~~~~~~~~~~~~~~~~~~~~~~~~~~~~~~~~~~~~~~~~~~~~~~~~~~~~~~~~~~^^
  File "/opt/anaconda3/lib/python3.13/site-packages/jupyter_core/utils/__init__.py", line 165, in wrapped
    return loop.run_until_complete(inner)
           ~~~~~~~~~~~~~~~~~~~~~~~^^^^^^^
  File "/opt/anaconda3/lib/python3.13/asyncio/base_events.py", line 725, in run_until_complete
    return future.result()
           ~~~~~~~~~~~~~^^
  File "/opt/anaconda3/lib/python3.13/site-packages/nbclient/client.py", line 705, in async_execute
    await self.async_execute_cell(
        cell, index, execution_count=self.code_cells_executed + 1
    )
  File "/opt/anaconda3/lib/python3.13/site-packages/nbclient/client.py", line 1058, in async_execute_cell
    await self._check_raise_for_error(cell, cell_index, exec_reply)
  File "/opt/anaconda3/lib/python3.13/site-packages/nbclient/client.py", line 914, in _check_raise_for_error
    raise CellExecutionError.from_cell_and_msg(cell, exec_reply_content)
nbclient.exceptions.CellExecutionError: An error occurred while executing the following cell:
------------------
# initialize a figure
ax = define_figure(xlabel="$x$",ylabel="$f(x)$")
ax.scatter(x, y)
ax.plot(xfit, gauss_sum(xfit,cs,xis,alpha))
for i in range(1,N):
    label = "i="+str(i)
    ax.fill_between(xfit,cs[i]*gauss(xfit,xis[i],alpha),alpha=0.25,label=label)
plt.legend()
------------------


[0;31m---------------------------------------------------------------------------[0m
[0;31mValueError[0m                                Traceback (most recent call last)
Cell [0;32mIn[8], line 2[0m
[1;32m      1[0m [38;5;66;03m# initialize a figure[39;00m
[0;32m----> 2[0m ax [38;5;241m=[39m define_figure(xlabel[38;5;241m=[39m[38;5;124m"[39m[38;5;124m$x$[39m[38;5;124m"[39m,ylabel[38;5;241m=[39m[38;5;124m"[39m[38;5;124m$f(x)$[39m[38;5;124m"[39m)
[1;32m      3[0m ax[38;5;241m.[39mscatter(x, y)
[1;32m      4[0m ax[38;5;241m.[39mplot(xfit, gauss_sum(xfit,cs,xis,alpha))

Cell [0;32mIn[2], line 5[0m, in [0;36mdefine_figure[0;34m(xlabel, ylabel)[0m
[1;32m      3[0m fig [38;5;241m=[39m plt[38;5;241m.[39mfigure(figsize[38;5;241m=[39m([38;5;241m10[39m,[38;5;241m8[39m), dpi[38;5;241m=[39m [38;5;241m80[39m, facecolor[38;5;241m=[39m[38;5;124m'[39m[38;5;124mw[39m[38;5;124m'[39m, edgecolor[38;5;241m=[39m[38;5;124m'[39m[38;5;124mk[39m[38;5;124m'[39m)
[1;32m      4[0m ax [38;5;241m=[39m plt[38;5;241m.[39msubplot([38;5;241m111[39m)
[0;32m----> 5[0m ax[38;5;241m.[39mgrid(b[38;5;241m=[39m[38;5;28;01mTrue[39;00m, which[38;5;241m=[39m[38;5;124m'[39m[38;5;124mmajor[39m[38;5;124m'[39m, axis[38;5;241m=[39m[38;5;124m'[39m[38;5;124mboth[39m[38;5;124m'[39m, color[38;5;241m=[39m[38;5;124m'[39m[38;5;124m#808080[39m[38;5;124m'[39m, linestyle[38;5;241m=[39m[38;5;124m'[39m[38;5;124m--[39m[38;5;124m'[39m)
[1;32m      6[0m ax[38;5;241m.[39mset_xlabel(xlabel,size[38;5;241m=[39m[38;5;241m20[39m)
[1;32m      7[0m ax[38;5;241m.[39mset_ylabel(ylabel,size[38;5;241m=[39m[38;5;241m20[39m)

File [0;32m/opt/anaconda3/lib/python3.13/site-packages/matplotlib/axes/_base.py:3312[0m, in [0;36m_AxesBase.grid[0;34m(self, visible, which, axis, **kwargs)[0m
[1;32m   3310[0m _api[38;5;241m.[39mcheck_in_list([[38;5;124m'[39m[38;5;124mx[39m[38;5;124m'[39m, [38;5;124m'[39m[38;5;124my[39m[38;5;124m'[39m, [38;5;124m'[39m[38;5;124mboth[39m[38;5;124m'[39m], axis[38;5;241m=[39maxis)
[1;32m   3311[0m [38;5;28;01mif[39;00m axis [38;5;129;01min[39;00m [[38;5;124m'[39m[38;5;124mx[39m[38;5;124m'[39m, [38;5;124m'[39m[38;5;124mboth[39m[38;5;124m'[39m]:
[0;32m-> 3312[0m     [38;5;28mself[39m[38;5;241m.[39mxaxis[38;5;241m.[39mgrid(visible, which[38;5;241m=[39mwhich, [38;5;241m*[39m[38;5;241m*[39mkwargs)
[1;32m   3313[0m [38;5;28;01mif[39;00m axis [38;5;129;01min[39;00m [[38;5;124m'[39m[38;5;124my[39m[38;5;124m'[39m, [38;5;124m'[39m[38;5;124mboth[39m[38;5;124m'[39m]:
[1;32m   3314[0m     [38;5;28mself[39m[38;5;241m.[39myaxis[38;5;241m.[39mgrid(visible, which[38;5;241m=[39mwhich, [38;5;241m*[39m[38;5;241m*[39mkwargs)

File [0;32m/opt/anaconda3/lib/python3.13/site-packages/matplotlib/axis.py:1746[0m, in [0;36mAxis.grid[0;34m(self, visible, which, **kwargs)[0m
[1;32m   1743[0m [38;5;28;01mif[39;00m which [38;5;129;01min[39;00m [[38;5;124m'[39m[38;5;124mmajor[39m[38;5;124m'[39m, [38;5;124m'[39m[38;5;124mboth[39m[38;5;124m'[39m]:
[1;32m   1744[0m     gridkw[[38;5;124m'[39m[38;5;124mgridOn[39m[38;5;124m'[39m] [38;5;241m=[39m ([38;5;129;01mnot[39;00m [38;5;28mself[39m[38;5;241m.[39m_major_tick_kw[[38;5;124m'[39m[38;5;124mgridOn[39m[38;5;124m'[39m]
[1;32m   1745[0m                         [38;5;28;01mif[39;00m visible [38;5;129;01mis[39;00m [38;5;28;01mNone[39;00m [38;5;28;01melse[39;00m visible)
[0;32m-> 1746[0m     [38;5;28mself[39m[38;5;241m.[39mset_tick_params(which[38;5;241m=[39m[38;5;124m'[39m[38;5;124mmajor[39m[38;5;124m'[39m, [38;5;241m*[39m[38;5;241m*[39mgridkw)
[1;32m   1747[0m [38;5;28mself[39m[38;5;241m.[39mstale [38;5;241m=[39m [38;5;28;01mTrue[39;00m

File [0;32m/opt/anaconda3/lib/python3.13/site-packages/matplotlib/axis.py:971[0m, in [0;36mAxis.set_tick_params[0;34m(self, which, reset, **kwargs)[0m
[1;32m    958[0m [38;5;250m[39m[38;5;124;03m"""[39;00m
[1;32m    959[0m [38;5;124;03mSet appearance parameters for ticks, ticklabels, and gridlines.[39;00m
[1;32m    960[0m 
[0;32m   (...)[0m
[1;32m    968[0m [38;5;124;03m    gridlines.[39;00m
[1;32m    969[0m [38;5;124;03m"""[39;00m
[1;32m    970[0m _api[38;5;241m.[39mcheck_in_list([[38;5;124m'[39m[38;5;124mmajor[39m[38;5;124m'[39m, [38;5;124m'[39m[38;5;124mminor[39m[38;5;124m'[39m, [38;5;124m'[39m[38;5;124mboth[39m[38;5;124m'[39m], which[38;5;241m=[39mwhich)
[0;32m--> 971[0m kwtrans [38;5;241m=[39m [38;5;28mself[39m[38;5;241m.[39m_translate_tick_params(kwargs)
[1;32m    973[0m [38;5;66;03m# the kwargs are stored in self._major/minor_tick_kw so that any[39;00m
[1;32m    974[0m [38;5;66;03m# future new ticks will automatically get them[39;00m
[1;32m    975[0m [38;5;28;01mif[39;00m reset:

File [0;32m/opt/anaconda3/lib/python3.13/site-packages/matplotlib/axis.py:1120[0m, in [0;36mAxis._translate_tick_params[0;34m(cls, kw, reverse)[0m
[1;32m   1118[0m [38;5;28;01mfor[39;00m key [38;5;129;01min[39;00m kw_:
[1;32m   1119[0m     [38;5;28;01mif[39;00m key [38;5;129;01mnot[39;00m [38;5;129;01min[39;00m allowed_keys:
[0;32m-> 1120[0m         [38;5;28;01mraise[39;00m [38;5;167;01mValueError[39;00m(
[1;32m   1121[0m             [38;5;124m"[39m[38;5;124mkeyword [39m[38;5;132;01m%s[39;00m[38;5;124m is not recognized; valid keywords are [39m[38;5;132;01m%s[39;00m[38;5;124m"[39m
[1;32m   1122[0m             [38;5;241m%[39m (key, allowed_keys))
[1;32m   1123[0m kwtrans[38;5;241m.[39mupdate(kw_)
[1;32m   1124[0m [38;5;28;01mreturn[39;00m kwtrans

[0;31mValueError[0m: keyword grid_b is not recognized; valid keywords are ['size', 'width', 'color', 'tickdir', 'pad', 'labelsize', 'labelcolor', 'labelfontfamily', 'zorder', 'gridOn', 'tick1On', 'tick2On', 'label1On', 'label2On', 'length', 'direction', 'left', 'bottom', 'right', 'top', 'labelleft', 'labelbottom', 'labelright', 'labeltop', 'labelrotation', 'grid_agg_filter', 'grid_alpha', 'grid_animated', 'grid_antialiased', 'grid_clip_box', 'grid_clip_on', 'grid_clip_path', 'grid_color', 'grid_dash_capstyle', 'grid_dash_joinstyle', 'grid_dashes', 'grid_data', 'grid_drawstyle', 'grid_figure', 'grid_fillstyle', 'grid_gapcolor', 'grid_gid', 'grid_in_layout', 'grid_label', 'grid_linestyle', 'grid_linewidth', 'grid_marker', 'grid_markeredgecolor', 'grid_markeredgewidth', 'grid_markerfacecolor', 'grid_markerfacecoloralt', 'grid_markersize', 'grid_markevery', 'grid_mouseover', 'grid_path_effects', 'grid_picker', 'grid_pickradius', 'grid_rasterized', 'grid_sketch_params', 'grid_snap', 'grid_solid_capstyle', 'grid_solid_joinstyle', 'grid_transform', 'grid_url', 'grid_visible', 'grid_xdata', 'grid_ydata', 'grid_zorder', 'grid_aa', 'grid_c', 'grid_ds', 'grid_ls', 'grid_lw', 'grid_mec', 'grid_mew', 'grid_mfc', 'grid_mfcalt', 'grid_ms']

