Traceback (most recent call last):
  File "/opt/anaconda3/lib/python3.13/site-packages/jupyter_cache/executors/utils.py", line 58, in single_nb_execution
    executenb(
    ~~~~~~~~~^
        nb,
        ^^^
    ...<4 lines>...
        **kwargs,
        ^^^^^^^^^
    )
    ^
  File "/opt/anaconda3/lib/python3.13/site-packages/nbclient/client.py", line 1305, in execute
    return NotebookClient(nb=nb, resources=resources, km=km, **kwargs).execute()
           ~~~~~~~~~~~~~~~~~~~~~~~~~~~~~~~~~~~~~~~~~~~~~~~~~~~~~~~~~~~~~~~~~~~^^
  File "/opt/anaconda3/lib/python3.13/site-packages/jupyter_core/utils/__init__.py", line 165, in wrapped
    return loop.run_until_complete(inner)
           ~~~~~~~~~~~~~~~~~~~~~~~^^^^^^^
  File "/opt/anaconda3/lib/python3.13/asyncio/base_events.py", line 725, in run_until_complete
    return future.result()
           ~~~~~~~~~~~~~^^
  File "/opt/anaconda3/lib/python3.13/site-packages/nbclient/client.py", line 705, in async_execute
    await self.async_execute_cell(
        cell, index, execution_count=self.code_cells_executed + 1
    )
  File "/opt/anaconda3/lib/python3.13/site-packages/nbclient/client.py", line 1058, in async_execute_cell
    await self._check_raise_for_error(cell, cell_index, exec_reply)
  File "/opt/anaconda3/lib/python3.13/site-packages/nbclient/client.py", line 914, in _check_raise_for_error
    raise CellExecutionError.from_cell_and_msg(cell, exec_reply_content)
nbclient.exceptions.CellExecutionError: An error occurred while executing the following cell:
------------------
# compute psis:
psi5, E5 = basis_ho(2)
#psi10, E10 = basis_ho(10)
------------------


[0;31m---------------------------------------------------------------------------[0m
[0;31mAttributeError[0m                            Traceback (most recent call last)
Cell [0;32mIn[3], line 2[0m
[1;32m      1[0m [38;5;66;03m# compute psis:[39;00m
[0;32m----> 2[0m psi5, E5 [38;5;241m=[39m basis_ho([38;5;241m2[39m)

Cell [0;32mIn[2], line 53[0m, in [0;36mbasis_ho[0;34m(N)[0m
[1;32m     51[0m     [38;5;66;03m# normalize the wavefunctions[39;00m
[1;32m     52[0m     psi2 [38;5;241m=[39m np[38;5;241m.[39mpower(psiNorm,[38;5;241m2[39m)
[0;32m---> 53[0m     norm [38;5;241m=[39m integrate[38;5;241m.[39msimps(psi2,xInt)
[1;32m     54[0m     psi[:,A] [38;5;241m/[39m[38;5;241m=[39m np[38;5;241m.[39msqrt(norm)
[1;32m     56[0m [38;5;28;01mreturn[39;00m psi, H_eig_val

[0;31mAttributeError[0m: module 'scipy.integrate' has no attribute 'simps'

