Traceback (most recent call last):
  File "/opt/anaconda3/lib/python3.13/site-packages/jupyter_core/utils/__init__.py", line 154, in wrapped
    asyncio.get_running_loop()
    ~~~~~~~~~~~~~~~~~~~~~~~~^^
RuntimeError: no running event loop

During handling of the above exception, another exception occurred:

Traceback (most recent call last):
  File "/opt/anaconda3/lib/python3.13/site-packages/jupyter_cache/executors/utils.py", line 58, in single_nb_execution
    executenb(
    ~~~~~~~~~^
        nb,
        ^^^
    ...<4 lines>...
        **kwargs,
        ^^^^^^^^^
    )
    ^
  File "/opt/anaconda3/lib/python3.13/site-packages/nbclient/client.py", line 1305, in execute
    return NotebookClient(nb=nb, resources=resources, km=km, **kwargs).execute()
           ~~~~~~~~~~~~~~~~~~~~~~~~~~~~~~~~~~~~~~~~~~~~~~~~~~~~~~~~~~~~~~~~~~~^^
  File "/opt/anaconda3/lib/python3.13/site-packages/jupyter_core/utils/__init__.py", line 158, in wrapped
    return loop.run_until_complete(inner)
           ~~~~~~~~~~~~~~~~~~~~~~~^^^^^^^
  File "/opt/anaconda3/lib/python3.13/asyncio/base_events.py", line 725, in run_until_complete
    return future.result()
           ~~~~~~~~~~~~~^^
  File "/opt/anaconda3/lib/python3.13/site-packages/nbclient/client.py", line 705, in async_execute
    await self.async_execute_cell(
        cell, index, execution_count=self.code_cells_executed + 1
    )
  File "/opt/anaconda3/lib/python3.13/site-packages/nbclient/client.py", line 1058, in async_execute_cell
    await self._check_raise_for_error(cell, cell_index, exec_reply)
  File "/opt/anaconda3/lib/python3.13/site-packages/nbclient/client.py", line 914, in _check_raise_for_error
    raise CellExecutionError.from_cell_and_msg(cell, exec_reply_content)
nbclient.exceptions.CellExecutionError: An error occurred while executing the following cell:
------------------
# fit T and h
# quantum spectral distribution function
def quantumB_fit_t_H(x,h,T):
    return 2*h*c**2/(x*nm_to_m)**5/(np.exp(h*c/(x*nm_to_m*kB*T))-1)

from scipy.optimize import curve_fit

p0 = np.array([1e-34,5000])
popt, pcov = curve_fit(quantumB_fit_t_H, solar[:,0], solar[:,3]*1E13,p0=p0)
print(popt)

h = 6.62607015E-34 
def quantumB_fit_T(x,T):
    return 2*h*c**2/(x*nm_to_m)**5/(np.exp(h*c/(x*nm_to_m*kB*T))-1)

p0 = np.array([5000])
popt, pcov = curve_fit(quantumB_fit_T, solar[:,0], solar[:,3]*1E13,p0=p0)
print(popt)
------------------


[31m---------------------------------------------------------------------------[39m
[31mNameError[39m                                 Traceback (most recent call last)
[36mCell[39m[36m [39m[32mIn[3][39m[32m, line 9[39m
[32m      6[39m [38;5;28;01mfrom[39;00m[38;5;250m [39m[34;01mscipy[39;00m[34;01m.[39;00m[34;01moptimize[39;00m[38;5;250m [39m[38;5;28;01mimport[39;00m curve_fit
[32m      8[39m p0 = np.array([[32m1e-34[39m,[32m5000[39m])
[32m----> [39m[32m9[39m popt, pcov = curve_fit(quantumB_fit_t_H, [43msolar[49m[:,[32m0[39m], solar[:,[32m3[39m]*[32m1E13[39m,p0=p0)
[32m     10[39m [38;5;28mprint[39m(popt)
[32m     12[39m h = [32m6.62607015E-34[39m 

[31mNameError[39m: name 'solar' is not defined

