Traceback (most recent call last):
  File "/opt/anaconda3/envs/jbook015/lib/python3.10/site-packages/jupyter_cache/executors/utils.py", line 58, in single_nb_execution
    executenb(
  File "/opt/anaconda3/envs/jbook015/lib/python3.10/site-packages/nbclient/client.py", line 1305, in execute
    return NotebookClient(nb=nb, resources=resources, km=km, **kwargs).execute()
  File "/opt/anaconda3/envs/jbook015/lib/python3.10/site-packages/jupyter_core/utils/__init__.py", line 165, in wrapped
    return loop.run_until_complete(inner)
  File "/opt/anaconda3/envs/jbook015/lib/python3.10/asyncio/base_events.py", line 649, in run_until_complete
    return future.result()
  File "/opt/anaconda3/envs/jbook015/lib/python3.10/site-packages/nbclient/client.py", line 705, in async_execute
    await self.async_execute_cell(
  File "/opt/anaconda3/envs/jbook015/lib/python3.10/site-packages/nbclient/client.py", line 1058, in async_execute_cell
    await self._check_raise_for_error(cell, cell_index, exec_reply)
  File "/opt/anaconda3/envs/jbook015/lib/python3.10/site-packages/nbclient/client.py", line 914, in _check_raise_for_error
    raise CellExecutionError.from_cell_and_msg(cell, exec_reply_content)
nbclient.exceptions.CellExecutionError: An error occurred while executing the following cell:
------------------
# lets quantify this for HO wavefunctions
import numpy as np
from scipy import integrate
from scipy.special import hermite
from scipy.special import factorial
# start by defining N function for analytic solution to HO wavefunctions
def Nn(n,alpha):
    return 1/np.sqrt(2**n*factorial(n))*(alpha/np.pi)**0.25
def ho_psi(n,x):
    x2 = np.power(x,2)
    return (-1)**n*Nn(n,alpha)*hermite(n)(np.sqrt(alpha)*x)*np.exp(-alpha*x2/2.0)
hbar = 1.0
k = 1.0
m = 1.0
alpha = np.sqrt(k*m)/hbar
x = np.arange(-20,20,0.01)
psi0 = ho_psi(0,x)
psi1 = ho_psi(1,x)
psi2 = ho_psi(2,x)

print("<0|x|0> = ", integrate.simps(psi0*x*psi0,x))
print("<0|x|1> = ", integrate.simps(psi0*x*psi1,x))
print("<0|x|2> = ", integrate.simps(psi0*x*psi2,x))
print("<1|x|2> = ", integrate.simps(psi1*x*psi2,x))
------------------


[0;31m---------------------------------------------------------------------------[0m
[0;31mModuleNotFoundError[0m                       Traceback (most recent call last)
Cell [0;32mIn[1], line 2[0m
[1;32m      1[0m [38;5;66;03m# lets quantify this for HO wavefunctions[39;00m
[0;32m----> 2[0m [38;5;28;01mimport[39;00m[38;5;250m [39m[38;5;21;01mnumpy[39;00m[38;5;250m [39m[38;5;28;01mas[39;00m[38;5;250m [39m[38;5;21;01mnp[39;00m
[1;32m      3[0m [38;5;28;01mfrom[39;00m[38;5;250m [39m[38;5;21;01mscipy[39;00m[38;5;250m [39m[38;5;28;01mimport[39;00m integrate
[1;32m      4[0m [38;5;28;01mfrom[39;00m[38;5;250m [39m[38;5;21;01mscipy[39;00m[38;5;21;01m.[39;00m[38;5;21;01mspecial[39;00m[38;5;250m [39m[38;5;28;01mimport[39;00m hermite

[0;31mModuleNotFoundError[0m: No module named 'numpy'

