Traceback (most recent call last):
  File "/opt/anaconda3/lib/python3.13/site-packages/jupyter_core/utils/__init__.py", line 154, in wrapped
    asyncio.get_running_loop()
    ~~~~~~~~~~~~~~~~~~~~~~~~^^
RuntimeError: no running event loop

During handling of the above exception, another exception occurred:

Traceback (most recent call last):
  File "/opt/anaconda3/lib/python3.13/site-packages/jupyter_cache/executors/utils.py", line 58, in single_nb_execution
    executenb(
    ~~~~~~~~~^
        nb,
        ^^^
    ...<4 lines>...
        **kwargs,
        ^^^^^^^^^
    )
    ^
  File "/opt/anaconda3/lib/python3.13/site-packages/nbclient/client.py", line 1305, in execute
    return NotebookClient(nb=nb, resources=resources, km=km, **kwargs).execute()
           ~~~~~~~~~~~~~~~~~~~~~~~~~~~~~~~~~~~~~~~~~~~~~~~~~~~~~~~~~~~~~~~~~~~^^
  File "/opt/anaconda3/lib/python3.13/site-packages/jupyter_core/utils/__init__.py", line 158, in wrapped
    return loop.run_until_complete(inner)
           ~~~~~~~~~~~~~~~~~~~~~~~^^^^^^^
  File "/opt/anaconda3/lib/python3.13/asyncio/base_events.py", line 725, in run_until_complete
    return future.result()
           ~~~~~~~~~~~~~^^
  File "/opt/anaconda3/lib/python3.13/site-packages/nbclient/client.py", line 705, in async_execute
    await self.async_execute_cell(
        cell, index, execution_count=self.code_cells_executed + 1
    )
  File "/opt/anaconda3/lib/python3.13/site-packages/nbclient/client.py", line 1058, in async_execute_cell
    await self._check_raise_for_error(cell, cell_index, exec_reply)
  File "/opt/anaconda3/lib/python3.13/site-packages/nbclient/client.py", line 914, in _check_raise_for_error
    raise CellExecutionError.from_cell_and_msg(cell, exec_reply_content)
nbclient.exceptions.CellExecutionError: An error occurred while executing the following cell:
------------------
# plot rotational energy levels
ax = define_figure(xlabel="$x$",ylabel="$V(x)$")
hbar = 1.0
mu = 1
x = np.arange(0,1,0.01)
for j in range(10):
    # compute and plot energy levels
    energy = hbar**2/(2*mu)*j*(j+1)
    label = "J=" + str(j)
    ax.plot(x, energy * np.ones(np.shape(x)), '--',lw=2,label=label)
plt.legend(fontsize=18)
------------------


[31m---------------------------------------------------------------------------[39m
[31mValueError[39m                                Traceback (most recent call last)
[36mCell[39m[36m [39m[32mIn[2][39m[32m, line 2[39m
[32m      1[39m [38;5;66;03m# plot rotational energy levels[39;00m
[32m----> [39m[32m2[39m ax = [43mdefine_figure[49m[43m([49m[43mxlabel[49m[43m=[49m[33;43m"[39;49m[33;43m$x$[39;49m[33;43m"[39;49m[43m,[49m[43mylabel[49m[43m=[49m[33;43m"[39;49m[33;43m$V(x)$[39;49m[33;43m"[39;49m[43m)[49m
[32m      3[39m hbar = [32m1.0[39m
[32m      4[39m mu = [32m1[39m

[36mCell[39m[36m [39m[32mIn[1][39m[32m, line 7[39m, in [36mdefine_figure[39m[34m(xlabel, ylabel)[39m
[32m      5[39m fig = plt.figure(figsize=([32m10[39m,[32m8[39m), dpi= [32m80[39m, facecolor=[33m'[39m[33mw[39m[33m'[39m, edgecolor=[33m'[39m[33mk[39m[33m'[39m)
[32m      6[39m ax = plt.subplot([32m111[39m)
[32m----> [39m[32m7[39m [43max[49m[43m.[49m[43mgrid[49m[43m([49m[43mb[49m[43m=[49m[38;5;28;43;01mTrue[39;49;00m[43m,[49m[43m [49m[43mwhich[49m[43m=[49m[33;43m'[39;49m[33;43mmajor[39;49m[33;43m'[39;49m[43m,[49m[43m [49m[43maxis[49m[43m=[49m[33;43m'[39;49m[33;43mboth[39;49m[33;43m'[39;49m[43m,[49m[43m [49m[43mcolor[49m[43m=[49m[33;43m'[39;49m[33;43m#808080[39;49m[33;43m'[39;49m[43m,[49m[43m [49m[43mlinestyle[49m[43m=[49m[33;43m'[39;49m[33;43m--[39;49m[33;43m'[39;49m[43m)[49m
[32m      8[39m ax.set_xlabel(xlabel,size=[32m20[39m)
[32m      9[39m ax.set_ylabel(ylabel,size=[32m20[39m)

[36mFile [39m[32m/opt/anaconda3/lib/python3.13/site-packages/matplotlib/axes/_base.py:3357[39m, in [36m_AxesBase.grid[39m[34m(self, visible, which, axis, **kwargs)[39m
[32m   3355[39m _api.check_in_list([[33m'[39m[33mx[39m[33m'[39m, [33m'[39m[33my[39m[33m'[39m, [33m'[39m[33mboth[39m[33m'[39m], axis=axis)
[32m   3356[39m [38;5;28;01mif[39;00m axis [38;5;129;01min[39;00m [[33m'[39m[33mx[39m[33m'[39m, [33m'[39m[33mboth[39m[33m'[39m]:
[32m-> [39m[32m3357[39m     [38;5;28;43mself[39;49m[43m.[49m[43mxaxis[49m[43m.[49m[43mgrid[49m[43m([49m[43mvisible[49m[43m,[49m[43m [49m[43mwhich[49m[43m=[49m[43mwhich[49m[43m,[49m[43m [49m[43m*[49m[43m*[49m[43mkwargs[49m[43m)[49m
[32m   3358[39m [38;5;28;01mif[39;00m axis [38;5;129;01min[39;00m [[33m'[39m[33my[39m[33m'[39m, [33m'[39m[33mboth[39m[33m'[39m]:
[32m   3359[39m     [38;5;28mself[39m.yaxis.grid(visible, which=which, **kwargs)

[36mFile [39m[32m/opt/anaconda3/lib/python3.13/site-packages/matplotlib/axis.py:1735[39m, in [36mAxis.grid[39m[34m(self, visible, which, **kwargs)[39m
[32m   1732[39m [38;5;28;01mif[39;00m which [38;5;129;01min[39;00m [[33m'[39m[33mmajor[39m[33m'[39m, [33m'[39m[33mboth[39m[33m'[39m]:
[32m   1733[39m     gridkw[[33m'[39m[33mgridOn[39m[33m'[39m] = ([38;5;129;01mnot[39;00m [38;5;28mself[39m._major_tick_kw[[33m'[39m[33mgridOn[39m[33m'[39m]
[32m   1734[39m                         [38;5;28;01mif[39;00m visible [38;5;129;01mis[39;00m [38;5;28;01mNone[39;00m [38;5;28;01melse[39;00m visible)
[32m-> [39m[32m1735[39m     [38;5;28;43mself[39;49m[43m.[49m[43mset_tick_params[49m[43m([49m[43mwhich[49m[43m=[49m[33;43m'[39;49m[33;43mmajor[39;49m[33;43m'[39;49m[43m,[49m[43m [49m[43m*[49m[43m*[49m[43mgridkw[49m[43m)[49m
[32m   1736[39m [38;5;28mself[39m.stale = [38;5;28;01mTrue[39;00m

[36mFile [39m[32m/opt/anaconda3/lib/python3.13/site-packages/matplotlib/axis.py:960[39m, in [36mAxis.set_tick_params[39m[34m(self, which, reset, **kwargs)[39m
[32m    947[39m [38;5;250m[39m[33;03m"""[39;00m
[32m    948[39m [33;03mSet appearance parameters for ticks, ticklabels, and gridlines.[39;00m
[32m    949[39m 
[32m   (...)[39m[32m    957[39m [33;03m    gridlines.[39;00m
[32m    958[39m [33;03m"""[39;00m
[32m    959[39m _api.check_in_list([[33m'[39m[33mmajor[39m[33m'[39m, [33m'[39m[33mminor[39m[33m'[39m, [33m'[39m[33mboth[39m[33m'[39m], which=which)
[32m--> [39m[32m960[39m kwtrans = [38;5;28;43mself[39;49m[43m.[49m[43m_translate_tick_params[49m[43m([49m[43mkwargs[49m[43m)[49m
[32m    962[39m [38;5;66;03m# the kwargs are stored in self._major/minor_tick_kw so that any[39;00m
[32m    963[39m [38;5;66;03m# future new ticks will automatically get them[39;00m
[32m    964[39m [38;5;28;01mif[39;00m reset:

[36mFile [39m[32m/opt/anaconda3/lib/python3.13/site-packages/matplotlib/axis.py:1109[39m, in [36mAxis._translate_tick_params[39m[34m(cls, kw, reverse)[39m
[32m   1107[39m [38;5;28;01mfor[39;00m key [38;5;129;01min[39;00m kw_:
[32m   1108[39m     [38;5;28;01mif[39;00m key [38;5;129;01mnot[39;00m [38;5;129;01min[39;00m allowed_keys:
[32m-> [39m[32m1109[39m         [38;5;28;01mraise[39;00m [38;5;167;01mValueError[39;00m(
[32m   1110[39m             [33m"[39m[33mkeyword [39m[38;5;132;01m%s[39;00m[33m is not recognized; valid keywords are [39m[38;5;132;01m%s[39;00m[33m"[39m
[32m   1111[39m             % (key, allowed_keys))
[32m   1112[39m kwtrans.update(kw_)
[32m   1113[39m [38;5;28;01mreturn[39;00m kwtrans

[31mValueError[39m: keyword grid_b is not recognized; valid keywords are ['size', 'width', 'color', 'tickdir', 'pad', 'labelsize', 'labelcolor', 'labelfontfamily', 'zorder', 'gridOn', 'tick1On', 'tick2On', 'label1On', 'label2On', 'length', 'direction', 'left', 'bottom', 'right', 'top', 'labelleft', 'labelbottom', 'labelright', 'labeltop', 'labelrotation', 'grid_agg_filter', 'grid_alpha', 'grid_animated', 'grid_antialiased', 'grid_clip_box', 'grid_clip_on', 'grid_clip_path', 'grid_color', 'grid_dash_capstyle', 'grid_dash_joinstyle', 'grid_dashes', 'grid_data', 'grid_drawstyle', 'grid_figure', 'grid_fillstyle', 'grid_gapcolor', 'grid_gid', 'grid_in_layout', 'grid_label', 'grid_linestyle', 'grid_linewidth', 'grid_marker', 'grid_markeredgecolor', 'grid_markeredgewidth', 'grid_markerfacecolor', 'grid_markerfacecoloralt', 'grid_markersize', 'grid_markevery', 'grid_mouseover', 'grid_path_effects', 'grid_picker', 'grid_pickradius', 'grid_rasterized', 'grid_sketch_params', 'grid_snap', 'grid_solid_capstyle', 'grid_solid_joinstyle', 'grid_transform', 'grid_url', 'grid_visible', 'grid_xdata', 'grid_ydata', 'grid_zorder', 'grid_aa', 'grid_c', 'grid_ds', 'grid_ls', 'grid_lw', 'grid_mec', 'grid_mew', 'grid_mfc', 'grid_mfcalt', 'grid_ms']

