Traceback (most recent call last):
  File "/Users/mmccull/opt/anaconda3/lib/python3.8/site-packages/jupyter_cache/executors/utils.py", line 58, in single_nb_execution
    executenb(
  File "/Users/mmccull/opt/anaconda3/lib/python3.8/site-packages/nbclient/client.py", line 1305, in execute
    return NotebookClient(nb=nb, resources=resources, km=km, **kwargs).execute()
  File "/Users/mmccull/opt/anaconda3/lib/python3.8/site-packages/jupyter_core/utils/__init__.py", line 166, in wrapped
    return loop.run_until_complete(inner)
  File "/Users/mmccull/opt/anaconda3/lib/python3.8/asyncio/base_events.py", line 616, in run_until_complete
    return future.result()
  File "/Users/mmccull/opt/anaconda3/lib/python3.8/site-packages/nbclient/client.py", line 705, in async_execute
    await self.async_execute_cell(
  File "/Users/mmccull/opt/anaconda3/lib/python3.8/site-packages/nbclient/client.py", line 1058, in async_execute_cell
    await self._check_raise_for_error(cell, cell_index, exec_reply)
  File "/Users/mmccull/opt/anaconda3/lib/python3.8/site-packages/nbclient/client.py", line 914, in _check_raise_for_error
    raise CellExecutionError.from_cell_and_msg(cell, exec_reply_content)
nbclient.exceptions.CellExecutionError: An error occurred while executing the following cell:
------------------
import numpy as np
import matplotlib.pyplot as plt
%matplotlib inline
# setup plot parameters
fontsize=16
fig = plt.figure(figsize=(8,8), dpi= 80, facecolor='w', edgecolor='k')
ax = plt.subplot(111)
ax.grid(b=True, which='major', axis='both', color='#808080', linestyle='--')
ax.set_xlabel("$t$",size=fontsize)
ax.set_ylabel("$[A]$",size=fontsize)
plt.tick_params(axis='both',labelsize=fontsize)
def first_order(t,A0,k):  
    return A0*np.exp(-k*t)
k = 0.1
t = np.arange(0,50,0.01)
A0 = 1
ax.plot(t,first_order(t,A0,k),lw=2)
# Annotations
y = np.arange(0,first_order(np.log(2)/k,A0,k),0.01)
plt.plot(np.ones(y.size)*np.log(2)/k,y,'--',lw=3)
plt.annotate("$t_{1/2}$",(np.log(2)/k,-0.02),fontsize=24)
y = np.arange(0,first_order(2*np.log(2)/k,A0,k),0.01)
plt.plot(np.ones(y.size)*2*np.log(2)/k,y,'--',lw=3)
plt.annotate("$2t_{1/2}$",(2*np.log(2)/k,-0.02),fontsize=24)
#plt.annotate("Liquid",(280,80),fontsize=24)
#plt.annotate("Gas",(280,20),fontsize=24)
------------------


[0;31m---------------------------------------------------------------------------[0m
[0;31mValueError[0m                                Traceback (most recent call last)
Cell [0;32mIn[1], line 8[0m
[1;32m      6[0m fig [38;5;241m=[39m plt[38;5;241m.[39mfigure(figsize[38;5;241m=[39m([38;5;241m8[39m,[38;5;241m8[39m), dpi[38;5;241m=[39m [38;5;241m80[39m, facecolor[38;5;241m=[39m[38;5;124m'[39m[38;5;124mw[39m[38;5;124m'[39m, edgecolor[38;5;241m=[39m[38;5;124m'[39m[38;5;124mk[39m[38;5;124m'[39m)
[1;32m      7[0m ax [38;5;241m=[39m plt[38;5;241m.[39msubplot([38;5;241m111[39m)
[0;32m----> 8[0m [43max[49m[38;5;241;43m.[39;49m[43mgrid[49m[43m([49m[43mb[49m[38;5;241;43m=[39;49m[38;5;28;43;01mTrue[39;49;00m[43m,[49m[43m [49m[43mwhich[49m[38;5;241;43m=[39;49m[38;5;124;43m'[39;49m[38;5;124;43mmajor[39;49m[38;5;124;43m'[39;49m[43m,[49m[43m [49m[43maxis[49m[38;5;241;43m=[39;49m[38;5;124;43m'[39;49m[38;5;124;43mboth[39;49m[38;5;124;43m'[39;49m[43m,[49m[43m [49m[43mcolor[49m[38;5;241;43m=[39;49m[38;5;124;43m'[39;49m[38;5;124;43m#808080[39;49m[38;5;124;43m'[39;49m[43m,[49m[43m [49m[43mlinestyle[49m[38;5;241;43m=[39;49m[38;5;124;43m'[39;49m[38;5;124;43m--[39;49m[38;5;124;43m'[39;49m[43m)[49m
[1;32m      9[0m ax[38;5;241m.[39mset_xlabel([38;5;124m"[39m[38;5;124m$t$[39m[38;5;124m"[39m,size[38;5;241m=[39mfontsize)
[1;32m     10[0m ax[38;5;241m.[39mset_ylabel([38;5;124m"[39m[38;5;124m$[A]$[39m[38;5;124m"[39m,size[38;5;241m=[39mfontsize)

File [0;32m~/opt/anaconda3/lib/python3.8/site-packages/matplotlib/axes/_base.py:3194[0m, in [0;36m_AxesBase.grid[0;34m(self, visible, which, axis, **kwargs)[0m
[1;32m   3192[0m _api[38;5;241m.[39mcheck_in_list([[38;5;124m'[39m[38;5;124mx[39m[38;5;124m'[39m, [38;5;124m'[39m[38;5;124my[39m[38;5;124m'[39m, [38;5;124m'[39m[38;5;124mboth[39m[38;5;124m'[39m], axis[38;5;241m=[39maxis)
[1;32m   3193[0m [38;5;28;01mif[39;00m axis [38;5;129;01min[39;00m [[38;5;124m'[39m[38;5;124mx[39m[38;5;124m'[39m, [38;5;124m'[39m[38;5;124mboth[39m[38;5;124m'[39m]:
[0;32m-> 3194[0m     [38;5;28;43mself[39;49m[38;5;241;43m.[39;49m[43mxaxis[49m[38;5;241;43m.[39;49m[43mgrid[49m[43m([49m[43mvisible[49m[43m,[49m[43m [49m[43mwhich[49m[38;5;241;43m=[39;49m[43mwhich[49m[43m,[49m[43m [49m[38;5;241;43m*[39;49m[38;5;241;43m*[39;49m[43mkwargs[49m[43m)[49m
[1;32m   3195[0m [38;5;28;01mif[39;00m axis [38;5;129;01min[39;00m [[38;5;124m'[39m[38;5;124my[39m[38;5;124m'[39m, [38;5;124m'[39m[38;5;124mboth[39m[38;5;124m'[39m]:
[1;32m   3196[0m     [38;5;28mself[39m[38;5;241m.[39myaxis[38;5;241m.[39mgrid(visible, which[38;5;241m=[39mwhich, [38;5;241m*[39m[38;5;241m*[39mkwargs)

File [0;32m~/opt/anaconda3/lib/python3.8/site-packages/matplotlib/axis.py:1660[0m, in [0;36mAxis.grid[0;34m(self, visible, which, **kwargs)[0m
[1;32m   1657[0m [38;5;28;01mif[39;00m which [38;5;129;01min[39;00m [[38;5;124m'[39m[38;5;124mmajor[39m[38;5;124m'[39m, [38;5;124m'[39m[38;5;124mboth[39m[38;5;124m'[39m]:
[1;32m   1658[0m     gridkw[[38;5;124m'[39m[38;5;124mgridOn[39m[38;5;124m'[39m] [38;5;241m=[39m ([38;5;129;01mnot[39;00m [38;5;28mself[39m[38;5;241m.[39m_major_tick_kw[[38;5;124m'[39m[38;5;124mgridOn[39m[38;5;124m'[39m]
[1;32m   1659[0m                         [38;5;28;01mif[39;00m visible [38;5;129;01mis[39;00m [38;5;28;01mNone[39;00m [38;5;28;01melse[39;00m visible)
[0;32m-> 1660[0m     [38;5;28;43mself[39;49m[38;5;241;43m.[39;49m[43mset_tick_params[49m[43m([49m[43mwhich[49m[38;5;241;43m=[39;49m[38;5;124;43m'[39;49m[38;5;124;43mmajor[39;49m[38;5;124;43m'[39;49m[43m,[49m[43m [49m[38;5;241;43m*[39;49m[38;5;241;43m*[39;49m[43mgridkw[49m[43m)[49m
[1;32m   1661[0m [38;5;28mself[39m[38;5;241m.[39mstale [38;5;241m=[39m [38;5;28;01mTrue[39;00m

File [0;32m~/opt/anaconda3/lib/python3.8/site-packages/matplotlib/axis.py:932[0m, in [0;36mAxis.set_tick_params[0;34m(self, which, reset, **kwargs)[0m
[1;32m    919[0m [38;5;250m[39m[38;5;124;03m"""[39;00m
[1;32m    920[0m [38;5;124;03mSet appearance parameters for ticks, ticklabels, and gridlines.[39;00m
[1;32m    921[0m 
[0;32m   (...)[0m
[1;32m    929[0m [38;5;124;03m    gridlines.[39;00m
[1;32m    930[0m [38;5;124;03m"""[39;00m
[1;32m    931[0m _api[38;5;241m.[39mcheck_in_list([[38;5;124m'[39m[38;5;124mmajor[39m[38;5;124m'[39m, [38;5;124m'[39m[38;5;124mminor[39m[38;5;124m'[39m, [38;5;124m'[39m[38;5;124mboth[39m[38;5;124m'[39m], which[38;5;241m=[39mwhich)
[0;32m--> 932[0m kwtrans [38;5;241m=[39m [38;5;28;43mself[39;49m[38;5;241;43m.[39;49m[43m_translate_tick_params[49m[43m([49m[43mkwargs[49m[43m)[49m
[1;32m    934[0m [38;5;66;03m# the kwargs are stored in self._major/minor_tick_kw so that any[39;00m
[1;32m    935[0m [38;5;66;03m# future new ticks will automatically get them[39;00m
[1;32m    936[0m [38;5;28;01mif[39;00m reset:

File [0;32m~/opt/anaconda3/lib/python3.8/site-packages/matplotlib/axis.py:1076[0m, in [0;36mAxis._translate_tick_params[0;34m(kw, reverse)[0m
[1;32m   1074[0m [38;5;28;01mfor[39;00m key [38;5;129;01min[39;00m kw_:
[1;32m   1075[0m     [38;5;28;01mif[39;00m key [38;5;129;01mnot[39;00m [38;5;129;01min[39;00m allowed_keys:
[0;32m-> 1076[0m         [38;5;28;01mraise[39;00m [38;5;167;01mValueError[39;00m(
[1;32m   1077[0m             [38;5;124m"[39m[38;5;124mkeyword [39m[38;5;132;01m%s[39;00m[38;5;124m is not recognized; valid keywords are [39m[38;5;132;01m%s[39;00m[38;5;124m"[39m
[1;32m   1078[0m             [38;5;241m%[39m (key, allowed_keys))
[1;32m   1079[0m kwtrans[38;5;241m.[39mupdate(kw_)
[1;32m   1080[0m [38;5;28;01mreturn[39;00m kwtrans

[0;31mValueError[0m: keyword grid_b is not recognized; valid keywords are ['size', 'width', 'color', 'tickdir', 'pad', 'labelsize', 'labelcolor', 'zorder', 'gridOn', 'tick1On', 'tick2On', 'label1On', 'label2On', 'length', 'direction', 'left', 'bottom', 'right', 'top', 'labelleft', 'labelbottom', 'labelright', 'labeltop', 'labelrotation', 'grid_agg_filter', 'grid_alpha', 'grid_animated', 'grid_antialiased', 'grid_clip_box', 'grid_clip_on', 'grid_clip_path', 'grid_color', 'grid_dash_capstyle', 'grid_dash_joinstyle', 'grid_dashes', 'grid_data', 'grid_drawstyle', 'grid_figure', 'grid_fillstyle', 'grid_gapcolor', 'grid_gid', 'grid_in_layout', 'grid_label', 'grid_linestyle', 'grid_linewidth', 'grid_marker', 'grid_markeredgecolor', 'grid_markeredgewidth', 'grid_markerfacecolor', 'grid_markerfacecoloralt', 'grid_markersize', 'grid_markevery', 'grid_mouseover', 'grid_path_effects', 'grid_picker', 'grid_pickradius', 'grid_rasterized', 'grid_sketch_params', 'grid_snap', 'grid_solid_capstyle', 'grid_solid_joinstyle', 'grid_transform', 'grid_url', 'grid_visible', 'grid_xdata', 'grid_ydata', 'grid_zorder', 'grid_aa', 'grid_c', 'grid_ds', 'grid_ls', 'grid_lw', 'grid_mec', 'grid_mew', 'grid_mfc', 'grid_mfcalt', 'grid_ms']

