Traceback (most recent call last):
  File "/opt/anaconda3/lib/python3.13/site-packages/jupyter_core/utils/__init__.py", line 154, in wrapped
    asyncio.get_running_loop()
    ~~~~~~~~~~~~~~~~~~~~~~~~^^
RuntimeError: no running event loop

During handling of the above exception, another exception occurred:

Traceback (most recent call last):
  File "/opt/anaconda3/lib/python3.13/site-packages/jupyter_cache/executors/utils.py", line 58, in single_nb_execution
    executenb(
    ~~~~~~~~~^
        nb,
        ^^^
    ...<4 lines>...
        **kwargs,
        ^^^^^^^^^
    )
    ^
  File "/opt/anaconda3/lib/python3.13/site-packages/nbclient/client.py", line 1305, in execute
    return NotebookClient(nb=nb, resources=resources, km=km, **kwargs).execute()
           ~~~~~~~~~~~~~~~~~~~~~~~~~~~~~~~~~~~~~~~~~~~~~~~~~~~~~~~~~~~~~~~~~~~^^
  File "/opt/anaconda3/lib/python3.13/site-packages/jupyter_core/utils/__init__.py", line 158, in wrapped
    return loop.run_until_complete(inner)
           ~~~~~~~~~~~~~~~~~~~~~~~^^^^^^^
  File "/opt/anaconda3/lib/python3.13/asyncio/base_events.py", line 725, in run_until_complete
    return future.result()
           ~~~~~~~~~~~~~^^
  File "/opt/anaconda3/lib/python3.13/site-packages/nbclient/client.py", line 705, in async_execute
    await self.async_execute_cell(
        cell, index, execution_count=self.code_cells_executed + 1
    )
  File "/opt/anaconda3/lib/python3.13/site-packages/nbclient/client.py", line 1058, in async_execute_cell
    await self._check_raise_for_error(cell, cell_index, exec_reply)
  File "/opt/anaconda3/lib/python3.13/site-packages/nbclient/client.py", line 914, in _check_raise_for_error
    raise CellExecutionError.from_cell_and_msg(cell, exec_reply_content)
nbclient.exceptions.CellExecutionError: An error occurred while executing the following cell:
------------------
from scipy import integrate
def f(x):
    return x*x
dx = 0.01
xInt = np.arange(0.5*dx,4,dx)
print("Trapezoid rule:",integrate.trapz(np.power(xInt,2),x=xInt))
print("Simpson's rule:",integrate.simps(np.power(xInt,2),x=xInt))
print("Gaussian quadrature :",integrate.quad(f,0,4)[0])
------------------


[31m---------------------------------------------------------------------------[39m
[31mAttributeError[39m                            Traceback (most recent call last)
[36mCell[39m[36m [39m[32mIn[5][39m[32m, line 6[39m
[32m      4[39m dx = [32m0.01[39m
[32m      5[39m xInt = np.arange([32m0.5[39m*dx,[32m4[39m,dx)
[32m----> [39m[32m6[39m [38;5;28mprint[39m([33m"[39m[33mTrapezoid rule:[39m[33m"[39m,[43mintegrate[49m[43m.[49m[43mtrapz[49m(np.power(xInt,[32m2[39m),x=xInt))
[32m      7[39m [38;5;28mprint[39m([33m"[39m[33mSimpson[39m[33m'[39m[33ms rule:[39m[33m"[39m,integrate.simps(np.power(xInt,[32m2[39m),x=xInt))
[32m      8[39m [38;5;28mprint[39m([33m"[39m[33mGaussian quadrature :[39m[33m"[39m,integrate.quad(f,[32m0[39m,[32m4[39m)[[32m0[39m])

[31mAttributeError[39m: module 'scipy.integrate' has no attribute 'trapz'

